#
# There is insufficient memory for the Java Runtime Environment to continue.
# Native memory allocation (malloc) failed to allocate 988496 bytes. Error detail: Chunk::new
# Possible reasons:
#   The system is out of physical RAM or swap space
#   This process is running with CompressedOops enabled, and the Java Heap may be blocking the growth of the native heap
# Possible solutions:
#   Reduce memory load on the system
#   Increase physical memory or swap space
#   Check if swap backing store is full
#   Decrease Java heap size (-Xmx/-Xms)
#   Decrease number of Java threads
#   Decrease Java thread stack sizes (-Xss)
#   Set larger code cache with -XX:ReservedCodeCacheSize=
#   JVM is running with Unscaled Compressed Oops mode in which the Java heap is
#     placed in the first 4GB address space. The Java Heap base address is the
#     maximum limit for the native heap growth. Please use -XX:HeapBaseMinAddress
#     to set the Java Heap base and to place the Java Heap above 4GB virtual address.
# This output file may be truncated or incomplete.
#
#  Out of Memory Error (arena.cpp:191), pid=248, tid=15860
#
# JRE version: OpenJDK Runtime Environment Microsoft-10376486 (17.0.13+11) (build 17.0.13+11-LTS)
# Java VM: OpenJDK 64-Bit Server VM Microsoft-10376486 (17.0.13+11-LTS, mixed mode, sharing, tiered, compressed oops, compressed class ptrs, g1 gc, windows-amd64)
# No core dump will be written. Minidumps are not enabled by default on client versions of Windows
#

---------------  S U M M A R Y ------------

Command Line: -XX:MaxMetaspaceSize=512m --add-opens=java.base/java.util=ALL-UNNAMED --add-opens=java.base/java.lang=ALL-UNNAMED --add-opens=java.base/java.lang.invoke=ALL-UNNAMED --add-opens=java.prefs/java.util.prefs=ALL-UNNAMED --add-opens=java.base/java.nio.charset=ALL-UNNAMED --add-opens=java.base/java.net=ALL-UNNAMED --add-opens=java.base/java.util.concurrent.atomic=ALL-UNNAMED -Xmx2048m -Dfile.encoding=windows-1252 -Duser.country=US -Duser.language=en -Duser.variant -javaagent:C:\Users\Muhammad Rehman\.gradle\wrapper\dists\gradle-8.8-all\6gdy1pgp427xkqcjbxw3ylt6h\gradle-8.8\lib\agents\gradle-instrumentation-agent-8.8.jar org.gradle.launcher.daemon.bootstrap.GradleDaemon 8.8

Host: Intel(R) Core(TM) i5-7300U CPU @ 2.60GHz, 4 cores, 7G,  Windows 10 , 64 bit Build 19041 (10.0.19041.5438)
Time: Mon Mar  3 11:04:36 2025 Pakistan Standard Time elapsed time: 76.115426 seconds (0d 0h 1m 16s)

---------------  T H R E A D  ---------------

Current thread (0x000001f0fcbb6460):  JavaThread "C2 CompilerThread0" daemon [_thread_in_native, id=15860, stack(0x0000000577100000,0x0000000577200000)]


Current CompileTask:
C2:  76115 11197   !   4       java.util.jar.Attributes::read (494 bytes)

Stack: [0x0000000577100000,0x0000000577200000]
Native frames: (J=compiled Java code, j=interpreted, Vv=VM code, C=native code)
V  [jvm.dll+0x687fc9]
V  [jvm.dll+0x83eeb8]
V  [jvm.dll+0x840963]
V  [jvm.dll+0x840fd3]
V  [jvm.dll+0x24951f]
V  [jvm.dll+0xad0c4]
V  [jvm.dll+0xad75c]
V  [jvm.dll+0x36aaaf]
V  [jvm.dll+0x335153]
V  [jvm.dll+0x3345ea]
V  [jvm.dll+0x21a748]
V  [jvm.dll+0x219b7f]
V  [jvm.dll+0x1a5506]
V  [jvm.dll+0x22a1ca]
V  [jvm.dll+0x22830b]
V  [jvm.dll+0x7f4708]
V  [jvm.dll+0x7eea6c]
V  [jvm.dll+0x686ea7]
C  [ucrtbase.dll+0x21bb2]
C  [KERNEL32.DLL+0x17374]
C  [ntdll.dll+0x4cc91]


---------------  P R O C E S S  ---------------

Threads class SMR info:
_java_thread_list=0x000001f0afd7e4f0, length=89, elements={
0x000001f0edfb2dc0, 0x000001f0fcb96540, 0x000001f0fcb972d0, 0x000001f0fcbb2de0,
0x000001f0fcbb46c0, 0x000001f0fcbb4f90, 0x000001f0fcbb5860, 0x000001f0fcbb6460,
0x000001f0fcbb7d80, 0x000001f0fcc40800, 0x000001f0fcb7edf0, 0x000001f0fcde88e0,
0x000001f0fdd446a0, 0x000001f0fdbdf010, 0x000001f0fd8f55e0, 0x000001f0fcd4d510,
0x000001f0fcc0d2a0, 0x000001f0fe2f84c0, 0x000001f0fe2f7aa0, 0x000001f0fe2f7590,
0x000001f0fe2f7fb0, 0x000001f0fe2f89d0, 0x000001f0fe2f93f0, 0x000001f0fe2f9900,
0x000001f0fe2f9e10, 0x000001f0fe2f7080, 0x000001f0fe2fa320, 0x000001f0fe2fa830,
0x000001f0ff755ab0, 0x000001f0ff754b80, 0x000001f0ff753c50, 0x000001f0ff74fa80,
0x000001f0ff74f570, 0x000001f0ff7564d0, 0x000001f0ff753740, 0x000001f0ff7504a0,
0x000001f0ff7509b0, 0x000001f0ff755fc0, 0x000001f0ff751df0, 0x000001f0ff7518e0,
0x000001f0ff752d20, 0x000001f0ff74f060, 0x000001f0ff755090, 0x000001f0ff750ec0,
0x000001f0ff754670, 0x000001f0ff7555a0, 0x000001f0ff754160, 0x000001f0ff7513d0,
0x000001f0ff752810, 0x000001f0ff753230, 0x000001f0ae8c0ac0, 0x000001f0ae8bec60,
0x000001f0ae8c00a0, 0x000001f0ae8bce00, 0x000001f0ae8ba070, 0x000001f0ae8ba580,
0x000001f0ae8bb4b0, 0x000001f0ae8bd820, 0x000001f0ae8baa90, 0x000001f0ae8bbed0,
0x000001f0ae8bdd30, 0x000001f0ae8bafa0, 0x000001f0ae8bc3e0, 0x000001f0ae8be240,
0x000001f0ae8bc8f0, 0x000001f0ae8be750, 0x000001f0ae8bf170, 0x000001f0ae8bf680,
0x000001f0ae8bfb90, 0x000001f0ae8c05b0, 0x000001f0ae695c60, 0x000001f0ae692ed0,
0x000001f0ae699410, 0x000001f0ae697ac0, 0x000001f0ae695240, 0x000001f0ae698f00,
0x000001f0ae699920, 0x000001f0ae697fd0, 0x000001f0ae6924b0, 0x000001f0ae696680,
0x000001f0ae696b90, 0x000001f0ae6970a0, 0x000001f0ae6929c0, 0x000001f0ae6984e0,
0x000001f0ae6989f0, 0x000001f0ae699e30, 0x000001f0ae6933e0, 0x000001f0ae693e00,
0x000001f0af3dec00
}

Java Threads: ( => current thread )
  0x000001f0edfb2dc0 JavaThread "main" [_thread_blocked, id=7644, stack(0x0000000576400000,0x0000000576500000)]
  0x000001f0fcb96540 JavaThread "Reference Handler" daemon [_thread_blocked, id=14264, stack(0x0000000576b00000,0x0000000576c00000)]
  0x000001f0fcb972d0 JavaThread "Finalizer" daemon [_thread_blocked, id=8712, stack(0x0000000576c00000,0x0000000576d00000)]
  0x000001f0fcbb2de0 JavaThread "Signal Dispatcher" daemon [_thread_blocked, id=10024, stack(0x0000000576d00000,0x0000000576e00000)]
  0x000001f0fcbb46c0 JavaThread "Attach Listener" daemon [_thread_blocked, id=11596, stack(0x0000000576e00000,0x0000000576f00000)]
  0x000001f0fcbb4f90 JavaThread "Service Thread" daemon [_thread_blocked, id=14880, stack(0x0000000576f00000,0x0000000577000000)]
  0x000001f0fcbb5860 JavaThread "Monitor Deflation Thread" daemon [_thread_blocked, id=2212, stack(0x0000000577000000,0x0000000577100000)]
=>0x000001f0fcbb6460 JavaThread "C2 CompilerThread0" daemon [_thread_in_native, id=15860, stack(0x0000000577100000,0x0000000577200000)]
  0x000001f0fcbb7d80 JavaThread "C1 CompilerThread0" daemon [_thread_blocked, id=12320, stack(0x0000000577200000,0x0000000577300000)]
  0x000001f0fcc40800 JavaThread "Sweeper thread" daemon [_thread_blocked, id=15596, stack(0x0000000577300000,0x0000000577400000)]
  0x000001f0fcb7edf0 JavaThread "Common-Cleaner" daemon [_thread_blocked, id=9840, stack(0x0000000577400000,0x0000000577500000)]
  0x000001f0fcde88e0 JavaThread "Notification Thread" daemon [_thread_blocked, id=8648, stack(0x0000000577500000,0x0000000577600000)]
  0x000001f0fdd446a0 JavaThread "Daemon health stats" [_thread_blocked, id=16196, stack(0x0000000577a00000,0x0000000577b00000)]
  0x000001f0fdbdf010 JavaThread "Incoming local TCP Connector on port 56398" [_thread_in_native, id=2628, stack(0x0000000577b00000,0x0000000577c00000)]
  0x000001f0fd8f55e0 JavaThread "Daemon periodic checks" [_thread_blocked, id=1016, stack(0x0000000577c00000,0x0000000577d00000)]
  0x000001f0fcd4d510 JavaThread "Daemon" [_thread_blocked, id=5596, stack(0x0000000577d00000,0x0000000577e00000)]
  0x000001f0fcc0d2a0 JavaThread "Handler for socket connection from /127.0.0.1:56398 to /127.0.0.1:56399" [_thread_in_native, id=8544, stack(0x0000000577e00000,0x0000000577f00000)]
  0x000001f0fe2f84c0 JavaThread "Cancel handler" [_thread_blocked, id=15528, stack(0x0000000577f00000,0x0000000578000000)]
  0x000001f0fe2f7aa0 JavaThread "Daemon worker" [_thread_in_Java, id=11832, stack(0x0000000578000000,0x0000000578100000)]
  0x000001f0fe2f7590 JavaThread "Asynchronous log dispatcher for DefaultDaemonConnection: socket connection from /127.0.0.1:56398 to /127.0.0.1:56399" [_thread_blocked, id=11320, stack(0x0000000578100000,0x0000000578200000)]
  0x000001f0fe2f7fb0 JavaThread "Stdin handler" [_thread_blocked, id=12820, stack(0x0000000578200000,0x0000000578300000)]
  0x000001f0fe2f89d0 JavaThread "Daemon client event forwarder" [_thread_blocked, id=15656, stack(0x0000000578300000,0x0000000578400000)]
  0x000001f0fe2f93f0 JavaThread "Cache worker for journal cache (C:\Users\Muhammad Rehman\.gradle\caches\journal-1)" [_thread_blocked, id=2652, stack(0x0000000578400000,0x0000000578500000)]
  0x000001f0fe2f9900 JavaThread "File lock request listener" [_thread_in_native, id=8624, stack(0x0000000578500000,0x0000000578600000)]
  0x000001f0fe2f9e10 JavaThread "Cache worker for file hash cache (C:\Users\Muhammad Rehman\.gradle\caches\8.8\fileHashes)" [_thread_blocked, id=8944, stack(0x0000000578600000,0x0000000578700000)]
  0x000001f0fe2f7080 JavaThread "Cache worker for file hash cache (D:\UNIVERSITY WORK\FYP-Last-Mile-Delivery-System\Lmd_Frontend\android\.gradle\8.8\fileHashes)" [_thread_blocked, id=1060, stack(0x0000000578700000,0x0000000578800000)]
  0x000001f0fe2fa320 JavaThread "File watcher server" daemon [_thread_in_native, id=14372, stack(0x0000000578800000,0x0000000578900000)]
  0x000001f0fe2fa830 JavaThread "File watcher consumer" daemon [_thread_blocked, id=7320, stack(0x0000000578900000,0x0000000578a00000)]
  0x000001f0ff755ab0 JavaThread "File lock release action executor" [_thread_blocked, id=13884, stack(0x0000000578a00000,0x0000000578b00000)]
  0x000001f0ff754b80 JavaThread "Cache worker for checksums cache (D:\UNIVERSITY WORK\FYP-Last-Mile-Delivery-System\Lmd_Frontend\android\.gradle\8.8\checksums)" [_thread_blocked, id=7916, stack(0x0000000578b00000,0x0000000578c00000)]
  0x000001f0ff753c50 JavaThread "Cache worker for file content cache (C:\Users\Muhammad Rehman\.gradle\caches\8.8\fileContent)" [_thread_blocked, id=15712, stack(0x0000000578c00000,0x0000000578d00000)]
  0x000001f0ff74fa80 JavaThread "Cache worker for cache directory md-rule (C:\Users\Muhammad Rehman\.gradle\caches\8.8\md-rule)" [_thread_blocked, id=12580, stack(0x0000000578d00000,0x0000000578e00000)]
  0x000001f0ff74f570 JavaThread "Cache worker for cache directory md-supplier (C:\Users\Muhammad Rehman\.gradle\caches\8.8\md-supplier)" [_thread_blocked, id=9328, stack(0x0000000578e00000,0x0000000578f00000)]
  0x000001f0ff7564d0 JavaThread "jar transforms" [_thread_blocked, id=15408, stack(0x0000000579000000,0x0000000579100000)]
  0x000001f0ff753740 JavaThread "Unconstrained build operations" [_thread_blocked, id=16352, stack(0x0000000579100000,0x0000000579200000)]
  0x000001f0ff7504a0 JavaThread "Unconstrained build operations Thread 2" [_thread_blocked, id=1836, stack(0x0000000579200000,0x0000000579300000)]
  0x000001f0ff7509b0 JavaThread "Unconstrained build operations Thread 3" [_thread_blocked, id=16076, stack(0x0000000579300000,0x0000000579400000)]
  0x000001f0ff755fc0 JavaThread "Unconstrained build operations Thread 4" [_thread_blocked, id=13316, stack(0x0000000579400000,0x0000000579500000)]
  0x000001f0ff751df0 JavaThread "Unconstrained build operations Thread 5" [_thread_blocked, id=12532, stack(0x0000000579500000,0x0000000579600000)]
  0x000001f0ff7518e0 JavaThread "Unconstrained build operations Thread 6" [_thread_blocked, id=4968, stack(0x0000000579600000,0x0000000579700000)]
  0x000001f0ff752d20 JavaThread "Cache worker for Build Output Cleanup Cache (D:\UNIVERSITY WORK\FYP-Last-Mile-Delivery-System\Lmd_Frontend\node_modules\@react-native\gradle-plugin\.gradle\buildOutputCleanup)" [_thread_blocked, id=4048, stack(0x0000000579700000,0x0000000579800000)]
  0x000001f0ff74f060 JavaThread "Unconstrained build operations Thread 7" [_thread_blocked, id=10540, stack(0x0000000579800000,0x0000000579900000)]
  0x000001f0ff755090 JavaThread "Unconstrained build operations Thread 8" [_thread_blocked, id=8764, stack(0x0000000579900000,0x0000000579a00000)]
  0x000001f0ff750ec0 JavaThread "Unconstrained build operations Thread 9" [_thread_blocked, id=16152, stack(0x0000000579a00000,0x0000000579b00000)]
  0x000001f0ff754670 JavaThread "Unconstrained build operations Thread 10" [_thread_blocked, id=13032, stack(0x0000000579b00000,0x0000000579c00000)]
  0x000001f0ff7555a0 JavaThread "Unconstrained build operations Thread 11" [_thread_blocked, id=14876, stack(0x0000000579c00000,0x0000000579d00000)]
  0x000001f0ff754160 JavaThread "Unconstrained build operations Thread 12" [_thread_blocked, id=7832, stack(0x0000000579d00000,0x0000000579e00000)]
  0x000001f0ff7513d0 JavaThread "Unconstrained build operations Thread 13" [_thread_blocked, id=15744, stack(0x0000000579e00000,0x0000000579f00000)]
  0x000001f0ff752810 JavaThread "Unconstrained build operations Thread 14" [_thread_blocked, id=3620, stack(0x0000000579f00000,0x000000057a000000)]
  0x000001f0ff753230 JavaThread "Unconstrained build operations Thread 15" [_thread_blocked, id=7568, stack(0x000000057a000000,0x000000057a100000)]
  0x000001f0ae8c0ac0 JavaThread "Memory manager" [_thread_blocked, id=15268, stack(0x000000057a100000,0x000000057a200000)]
  0x000001f0ae8bec60 JavaThread "build event listener" [_thread_blocked, id=8604, stack(0x000000057a200000,0x000000057a300000)]
  0x000001f0ae8c00a0 JavaThread "ForkJoinPool.commonPool-worker-1" daemon [_thread_blocked, id=16160, stack(0x000000057a500000,0x000000057a600000)]
  0x000001f0ae8bce00 JavaThread "ForkJoinPool.commonPool-worker-2" daemon [_thread_blocked, id=5132, stack(0x000000057a600000,0x000000057a700000)]
  0x000001f0ae8ba070 JavaThread "ForkJoinPool.commonPool-worker-3" daemon [_thread_blocked, id=15616, stack(0x000000057a700000,0x000000057a800000)]
  0x000001f0ae8ba580 JavaThread "included builds" [_thread_blocked, id=12360, stack(0x000000057a800000,0x000000057a900000)]
  0x000001f0ae8bb4b0 JavaThread "Execution worker" [_thread_blocked, id=5892, stack(0x000000057a900000,0x000000057aa00000)]
  0x000001f0ae8bd820 JavaThread "Execution worker Thread 2" [_thread_blocked, id=13988, stack(0x000000057aa00000,0x000000057ab00000)]
  0x000001f0ae8baa90 JavaThread "Execution worker Thread 3" [_thread_blocked, id=2376, stack(0x000000057ab00000,0x000000057ac00000)]
  0x000001f0ae8bbed0 JavaThread "Cache worker for execution history cache (D:\UNIVERSITY WORK\FYP-Last-Mile-Delivery-System\Lmd_Frontend\node_modules\@react-native\gradle-plugin\.gradle\8.8\executionHistory)" [_thread_blocked, id=13292, stack(0x000000057ac00000,0x000000057ad00000)]
  0x000001f0ae8bdd30 JavaThread "Unconstrained build operations Thread 16" [_thread_blocked, id=5648, stack(0x000000057ad00000,0x000000057ae00000)]
  0x000001f0ae8bafa0 JavaThread "Unconstrained build operations Thread 17" [_thread_blocked, id=8608, stack(0x000000057ae00000,0x000000057af00000)]
  0x000001f0ae8bc3e0 JavaThread "Unconstrained build operations Thread 18" [_thread_blocked, id=6520, stack(0x000000057af00000,0x000000057b000000)]
  0x000001f0ae8be240 JavaThread "Unconstrained build operations Thread 19" [_thread_blocked, id=3116, stack(0x000000057b000000,0x000000057b100000)]
  0x000001f0ae8bc8f0 JavaThread "Unconstrained build operations Thread 20" [_thread_blocked, id=12916, stack(0x000000057b100000,0x000000057b200000)]
  0x000001f0ae8be750 JavaThread "Unconstrained build operations Thread 21" [_thread_blocked, id=4224, stack(0x000000057b200000,0x000000057b300000)]
  0x000001f0ae8bf170 JavaThread "Unconstrained build operations Thread 22" [_thread_blocked, id=13084, stack(0x000000057b300000,0x000000057b400000)]
  0x000001f0ae8bf680 JavaThread "Unconstrained build operations Thread 23" [_thread_blocked, id=14788, stack(0x000000057b400000,0x000000057b500000)]
  0x000001f0ae8bfb90 JavaThread "Unconstrained build operations Thread 24" [_thread_blocked, id=2320, stack(0x000000057b500000,0x000000057b600000)]
  0x000001f0ae8c05b0 JavaThread "Unconstrained build operations Thread 25" [_thread_blocked, id=12060, stack(0x000000057b600000,0x000000057b700000)]
  0x000001f0ae695c60 JavaThread "Unconstrained build operations Thread 26" [_thread_blocked, id=15724, stack(0x000000057b700000,0x000000057b800000)]
  0x000001f0ae692ed0 JavaThread "Unconstrained build operations Thread 27" [_thread_blocked, id=15708, stack(0x000000057b800000,0x000000057b900000)]
  0x000001f0ae699410 JavaThread "Unconstrained build operations Thread 28" [_thread_blocked, id=6900, stack(0x000000057b900000,0x000000057ba00000)]
  0x000001f0ae697ac0 JavaThread "Unconstrained build operations Thread 29" [_thread_blocked, id=9020, stack(0x000000057ba00000,0x000000057bb00000)]
  0x000001f0ae695240 JavaThread "Unconstrained build operations Thread 30" [_thread_blocked, id=14300, stack(0x000000057bb00000,0x000000057bc00000)]
  0x000001f0ae698f00 JavaThread "Unconstrained build operations Thread 31" [_thread_blocked, id=5668, stack(0x000000057bc00000,0x000000057bd00000)]
  0x000001f0ae699920 JavaThread "Unconstrained build operations Thread 32" [_thread_blocked, id=14008, stack(0x000000057bd00000,0x000000057be00000)]
  0x000001f0ae697fd0 JavaThread "Unconstrained build operations Thread 33" [_thread_blocked, id=8792, stack(0x000000057be00000,0x000000057bf00000)]
  0x000001f0ae6924b0 JavaThread "Unconstrained build operations Thread 34" [_thread_blocked, id=11748, stack(0x000000057bf00000,0x000000057c000000)]
  0x000001f0ae696680 JavaThread "Unconstrained build operations Thread 35" [_thread_blocked, id=1404, stack(0x000000057c000000,0x000000057c100000)]
  0x000001f0ae696b90 JavaThread "Unconstrained build operations Thread 36" [_thread_blocked, id=8012, stack(0x000000057c100000,0x000000057c200000)]
  0x000001f0ae6970a0 JavaThread "jar transforms Thread 2" [_thread_blocked, id=10788, stack(0x000000057c200000,0x000000057c300000)]
  0x000001f0ae6929c0 JavaThread "Cache worker for Build Output Cleanup Cache (D:\UNIVERSITY WORK\FYP-Last-Mile-Delivery-System\Lmd_Frontend\android\.gradle\buildOutputCleanup)" [_thread_blocked, id=11476, stack(0x000000057c300000,0x000000057c400000)]
  0x000001f0ae6984e0 JavaThread "jar transforms Thread 3" [_thread_blocked, id=1656, stack(0x000000057c400000,0x000000057c500000)]
  0x000001f0ae6989f0 JavaThread "Unconstrained build operations Thread 37" [_thread_blocked, id=13504, stack(0x000000057c500000,0x000000057c600000)]
  0x000001f0ae699e30 JavaThread "Unconstrained build operations Thread 38" [_thread_blocked, id=16376, stack(0x000000057c600000,0x000000057c700000)]
  0x000001f0ae6933e0 JavaThread "Unconstrained build operations Thread 39" [_thread_blocked, id=15052, stack(0x000000057c700000,0x000000057c800000)]
  0x000001f0ae693e00 JavaThread "Unconstrained build operations Thread 40" [_thread_blocked, id=9268, stack(0x000000057c800000,0x000000057c900000)]
  0x000001f0af3dec00 JavaThread "jar transforms Thread 4" [_thread_blocked, id=14188, stack(0x0000000576200000,0x0000000576300000)]

Other Threads:
  0x000001f0fcb8ff20 VMThread "VM Thread" [stack: 0x0000000576a00000,0x0000000576b00000] [id=14648]
  0x000001f0fcd520d0 WatcherThread [stack: 0x0000000577600000,0x0000000577700000] [id=13508]
  0x000001f0ee011220 GCTaskThread "GC Thread#0" [stack: 0x0000000576500000,0x0000000576600000] [id=10072]
  0x000001f0fce4a8a0 GCTaskThread "GC Thread#1" [stack: 0x0000000577700000,0x0000000577800000] [id=2776]
  0x000001f0fcee46b0 GCTaskThread "GC Thread#2" [stack: 0x0000000577800000,0x0000000577900000] [id=14940]
  0x000001f0fd3e21c0 GCTaskThread "GC Thread#3" [stack: 0x0000000577900000,0x0000000577a00000] [id=10244]
  0x000001f0ee023090 ConcurrentGCThread "G1 Main Marker" [stack: 0x0000000576600000,0x0000000576700000] [id=9524]
  0x000001f0ee0239c0 ConcurrentGCThread "G1 Conc#0" [stack: 0x0000000576700000,0x0000000576800000] [id=9648]
  0x000001f0ee066910 ConcurrentGCThread "G1 Refine#0" [stack: 0x0000000576800000,0x0000000576900000] [id=4876]
  0x000001f0fdcf6350 ConcurrentGCThread "G1 Refine#1" [stack: 0x0000000578f00000,0x0000000579000000] [id=11404]
  0x000001f0ee067250 ConcurrentGCThread "G1 Service" [stack: 0x0000000576900000,0x0000000576a00000] [id=16280]

Threads with active compile tasks:
C2 CompilerThread0    76160 11197   !   4       java.util.jar.Attributes::read (494 bytes)

VM state: not at safepoint (normal execution)

VM Mutex/Monitor currently owned by a thread: None

Heap address: 0x0000000080000000, size: 2048 MB, Compressed Oops mode: 32-bit

CDS archive(s) mapped at: [0x000001f08f000000-0x000001f08fbb0000-0x000001f08fbb0000), size 12255232, SharedBaseAddress: 0x000001f08f000000, ArchiveRelocationMode: 1.
Compressed class space mapped at: 0x000001f090000000-0x000001f0aa000000, reserved size: 436207616
Narrow klass base: 0x000001f08f000000, Narrow klass shift: 0, Narrow klass range: 0x100000000

GC Precious Log:
 CPUs: 4 total, 4 available
 Memory: 8050M
 Large Page Support: Disabled
 NUMA Support: Disabled
 Compressed Oops: Enabled (32-bit)
 Heap Region Size: 1M
 Heap Min Capacity: 8M
 Heap Initial Capacity: 126M
 Heap Max Capacity: 2G
 Pre-touch: Disabled
 Parallel Workers: 4
 Concurrent Workers: 1
 Concurrent Refinement Workers: 4
 Periodic GC: Disabled

Heap:
 garbage-first heap   total 264192K, used 108982K [0x0000000080000000, 0x0000000100000000)
  region size 1024K, 14 young (14336K), 2 survivors (2048K)
 Metaspace       used 76659K, committed 77440K, reserved 557056K
  class space    used 10640K, committed 11008K, reserved 425984K

Heap Regions: E=young(eden), S=young(survivor), O=old, HS=humongous(starts), HC=humongous(continues), CS=collection set, F=free, OA=open archive, CA=closed archive, TAMS=top-at-mark-start (previous, next)
|   0|0x0000000080000000, 0x0000000080100000, 0x0000000080100000|100%|HS|  |TAMS 0x0000000080100000, 0x0000000080000000| Complete 
|   1|0x0000000080100000, 0x0000000080200000, 0x0000000080200000|100%|HC|  |TAMS 0x0000000080200000, 0x0000000080100000| Complete 
|   2|0x0000000080200000, 0x0000000080300000, 0x0000000080300000|100%|HC|  |TAMS 0x0000000080300000, 0x0000000080200000| Complete 
|   3|0x0000000080300000, 0x0000000080400000, 0x0000000080400000|100%|HC|  |TAMS 0x0000000080400000, 0x0000000080300000| Complete 
|   4|0x0000000080400000, 0x0000000080500000, 0x0000000080500000|100%| O|  |TAMS 0x0000000080500000, 0x0000000080400000| Untracked 
|   5|0x0000000080500000, 0x0000000080600000, 0x0000000080600000|100%| O|  |TAMS 0x0000000080600000, 0x0000000080500000| Untracked 
|   6|0x0000000080600000, 0x0000000080700000, 0x0000000080700000|100%| O|  |TAMS 0x0000000080700000, 0x0000000080600000| Untracked 
|   7|0x0000000080700000, 0x0000000080800000, 0x0000000080800000|100%| O|  |TAMS 0x0000000080800000, 0x0000000080700000| Untracked 
|   8|0x0000000080800000, 0x0000000080900000, 0x0000000080900000|100%|HS|  |TAMS 0x0000000080900000, 0x0000000080800000| Complete 
|   9|0x0000000080900000, 0x0000000080a00000, 0x0000000080a00000|100%| O|  |TAMS 0x0000000080a00000, 0x0000000080900000| Untracked 
|  10|0x0000000080a00000, 0x0000000080b00000, 0x0000000080b00000|100%| O|  |TAMS 0x0000000080b00000, 0x0000000080a00000| Untracked 
|  11|0x0000000080b00000, 0x0000000080c00000, 0x0000000080c00000|100%| O|  |TAMS 0x0000000080c00000, 0x0000000080b00000| Untracked 
|  12|0x0000000080c00000, 0x0000000080d00000, 0x0000000080d00000|100%| O|  |TAMS 0x0000000080d00000, 0x0000000080c00000| Untracked 
|  13|0x0000000080d00000, 0x0000000080e00000, 0x0000000080e00000|100%| O|  |TAMS 0x0000000080e00000, 0x0000000080d00000| Untracked 
|  14|0x0000000080e00000, 0x0000000080f00000, 0x0000000080f00000|100%| O|  |TAMS 0x0000000080f00000, 0x0000000080e00000| Untracked 
|  15|0x0000000080f00000, 0x0000000081000000, 0x0000000081000000|100%| O|  |TAMS 0x0000000081000000, 0x0000000080f00000| Untracked 
|  16|0x0000000081000000, 0x0000000081100000, 0x0000000081100000|100%| O|  |TAMS 0x0000000081100000, 0x0000000081000000| Untracked 
|  17|0x0000000081100000, 0x0000000081200000, 0x0000000081200000|100%| O|  |TAMS 0x0000000081200000, 0x0000000081100000| Untracked 
|  18|0x0000000081200000, 0x0000000081300000, 0x0000000081300000|100%| O|  |TAMS 0x0000000081300000, 0x0000000081200000| Untracked 
|  19|0x0000000081300000, 0x0000000081400000, 0x0000000081400000|100%| O|  |TAMS 0x0000000081400000, 0x0000000081300000| Untracked 
|  20|0x0000000081400000, 0x0000000081500000, 0x0000000081500000|100%| O|  |TAMS 0x0000000081500000, 0x0000000081400000| Untracked 
|  21|0x0000000081500000, 0x0000000081600000, 0x0000000081600000|100%| O|  |TAMS 0x0000000081600000, 0x0000000081500000| Untracked 
|  22|0x0000000081600000, 0x0000000081700000, 0x0000000081700000|100%| O|  |TAMS 0x0000000081700000, 0x0000000081600000| Untracked 
|  23|0x0000000081700000, 0x0000000081800000, 0x0000000081800000|100%| O|  |TAMS 0x0000000081800000, 0x0000000081700000| Untracked 
|  24|0x0000000081800000, 0x0000000081900000, 0x0000000081900000|100%| O|  |TAMS 0x0000000081900000, 0x0000000081800000| Untracked 
|  25|0x0000000081900000, 0x0000000081a00000, 0x0000000081a00000|100%| O|  |TAMS 0x0000000081a00000, 0x0000000081900000| Untracked 
|  26|0x0000000081a00000, 0x0000000081b00000, 0x0000000081b00000|100%| O|  |TAMS 0x0000000081b00000, 0x0000000081a00000| Untracked 
|  27|0x0000000081b00000, 0x0000000081c00000, 0x0000000081c00000|100%| O|  |TAMS 0x0000000081c00000, 0x0000000081b00000| Untracked 
|  28|0x0000000081c00000, 0x0000000081d00000, 0x0000000081d00000|100%|HS|  |TAMS 0x0000000081c00000, 0x0000000081c00000| Complete 
|  29|0x0000000081d00000, 0x0000000081e00000, 0x0000000081e00000|100%|HS|  |TAMS 0x0000000081d00000, 0x0000000081d00000| Complete 
|  30|0x0000000081e00000, 0x0000000081f00000, 0x0000000081f00000|100%| O|  |TAMS 0x0000000081f00000, 0x0000000081e00000| Untracked 
|  31|0x0000000081f00000, 0x0000000082000000, 0x0000000082000000|100%| O|  |TAMS 0x0000000082000000, 0x0000000081f00000| Untracked 
|  32|0x0000000082000000, 0x0000000082100000, 0x0000000082100000|100%| O|  |TAMS 0x0000000082100000, 0x0000000082000000| Untracked 
|  33|0x0000000082100000, 0x0000000082200000, 0x0000000082200000|100%| O|  |TAMS 0x0000000082200000, 0x0000000082100000| Untracked 
|  34|0x0000000082200000, 0x0000000082300000, 0x0000000082300000|100%| O|  |TAMS 0x0000000082300000, 0x0000000082200000| Untracked 
|  35|0x0000000082300000, 0x0000000082400000, 0x0000000082400000|100%| O|  |TAMS 0x0000000082400000, 0x0000000082300000| Untracked 
|  36|0x0000000082400000, 0x0000000082500000, 0x0000000082500000|100%| O|  |TAMS 0x0000000082500000, 0x0000000082400000| Untracked 
|  37|0x0000000082500000, 0x0000000082600000, 0x0000000082600000|100%| O|  |TAMS 0x0000000082600000, 0x0000000082500000| Untracked 
|  38|0x0000000082600000, 0x0000000082700000, 0x0000000082700000|100%| O|  |TAMS 0x0000000082700000, 0x0000000082600000| Untracked 
|  39|0x0000000082700000, 0x0000000082800000, 0x0000000082800000|100%| O|  |TAMS 0x0000000082800000, 0x0000000082700000| Untracked 
|  40|0x0000000082800000, 0x0000000082900000, 0x0000000082900000|100%| O|  |TAMS 0x0000000082900000, 0x0000000082800000| Untracked 
|  41|0x0000000082900000, 0x0000000082a00000, 0x0000000082a00000|100%| O|  |TAMS 0x0000000082a00000, 0x0000000082900000| Untracked 
|  42|0x0000000082a00000, 0x0000000082b00000, 0x0000000082b00000|100%| O|  |TAMS 0x0000000082b00000, 0x0000000082a00000| Untracked 
|  43|0x0000000082b00000, 0x0000000082c00000, 0x0000000082c00000|100%| O|  |TAMS 0x0000000082b00000, 0x0000000082b00000| Untracked 
|  44|0x0000000082c00000, 0x0000000082d00000, 0x0000000082d00000|100%| O|  |TAMS 0x0000000082d00000, 0x0000000082c00000| Untracked 
|  45|0x0000000082d00000, 0x0000000082e00000, 0x0000000082e00000|100%|HS|  |TAMS 0x0000000082e00000, 0x0000000082d00000| Complete 
|  46|0x0000000082e00000, 0x0000000082f00000, 0x0000000082f00000|100%|HC|  |TAMS 0x0000000082f00000, 0x0000000082e00000| Complete 
|  47|0x0000000082f00000, 0x0000000083000000, 0x0000000083000000|100%|HS|  |TAMS 0x0000000083000000, 0x0000000082f00000| Complete 
|  48|0x0000000083000000, 0x0000000083100000, 0x0000000083100000|100%|HC|  |TAMS 0x0000000083100000, 0x0000000083000000| Complete 
|  49|0x0000000083100000, 0x0000000083200000, 0x0000000083200000|100%|HS|  |TAMS 0x0000000083200000, 0x0000000083100000| Complete 
|  50|0x0000000083200000, 0x0000000083300000, 0x0000000083300000|100%|HC|  |TAMS 0x0000000083300000, 0x0000000083200000| Complete 
|  51|0x0000000083300000, 0x0000000083400000, 0x0000000083400000|100%|HC|  |TAMS 0x0000000083400000, 0x0000000083300000| Complete 
|  52|0x0000000083400000, 0x0000000083500000, 0x0000000083500000|100%|HC|  |TAMS 0x0000000083500000, 0x0000000083400000| Complete 
|  53|0x0000000083500000, 0x0000000083600000, 0x0000000083600000|100%|HS|  |TAMS 0x0000000083600000, 0x0000000083500000| Complete 
|  54|0x0000000083600000, 0x0000000083700000, 0x0000000083700000|100%|HC|  |TAMS 0x0000000083700000, 0x0000000083600000| Complete 
|  55|0x0000000083700000, 0x0000000083800000, 0x0000000083800000|100%|HC|  |TAMS 0x0000000083800000, 0x0000000083700000| Complete 
|  56|0x0000000083800000, 0x0000000083900000, 0x0000000083900000|100%|HC|  |TAMS 0x0000000083900000, 0x0000000083800000| Complete 
|  57|0x0000000083900000, 0x0000000083a00000, 0x0000000083a00000|100%| O|  |TAMS 0x0000000083a00000, 0x0000000083900000| Untracked 
|  58|0x0000000083a00000, 0x0000000083b00000, 0x0000000083b00000|100%| O|  |TAMS 0x0000000083b00000, 0x0000000083a00000| Untracked 
|  59|0x0000000083b00000, 0x0000000083c00000, 0x0000000083c00000|100%| O|  |TAMS 0x0000000083c00000, 0x0000000083b00000| Untracked 
|  60|0x0000000083c00000, 0x0000000083d00000, 0x0000000083d00000|100%| O|  |TAMS 0x0000000083d00000, 0x0000000083c00000| Untracked 
|  61|0x0000000083d00000, 0x0000000083e00000, 0x0000000083e00000|100%| O|  |TAMS 0x0000000083e00000, 0x0000000083d00000| Untracked 
|  62|0x0000000083e00000, 0x0000000083f00000, 0x0000000083f00000|100%| O|  |TAMS 0x0000000083f00000, 0x0000000083e00000| Untracked 
|  63|0x0000000083f00000, 0x0000000084000000, 0x0000000084000000|100%| O|  |TAMS 0x0000000084000000, 0x0000000083f00000| Untracked 
|  64|0x0000000084000000, 0x0000000084100000, 0x0000000084100000|100%| O|  |TAMS 0x0000000084100000, 0x0000000084000000| Untracked 
|  65|0x0000000084100000, 0x0000000084200000, 0x0000000084200000|100%| O|  |TAMS 0x0000000084200000, 0x0000000084100000| Untracked 
|  66|0x0000000084200000, 0x0000000084300000, 0x0000000084300000|100%| O|  |TAMS 0x0000000084300000, 0x0000000084200000| Untracked 
|  67|0x0000000084300000, 0x0000000084400000, 0x0000000084400000|100%| O|  |TAMS 0x0000000084400000, 0x0000000084300000| Untracked 
|  68|0x0000000084400000, 0x0000000084500000, 0x0000000084500000|100%| O|  |TAMS 0x0000000084500000, 0x0000000084400000| Untracked 
|  69|0x0000000084500000, 0x0000000084600000, 0x0000000084600000|100%| O|  |TAMS 0x0000000084600000, 0x0000000084500000| Untracked 
|  70|0x0000000084600000, 0x0000000084700000, 0x0000000084700000|100%| O|  |TAMS 0x0000000084700000, 0x0000000084600000| Untracked 
|  71|0x0000000084700000, 0x0000000084800000, 0x0000000084800000|100%| O|  |TAMS 0x0000000084793800, 0x0000000084700000| Untracked 
|  72|0x0000000084800000, 0x0000000084900000, 0x0000000084900000|100%| O|  |TAMS 0x0000000084800000, 0x0000000084800000| Untracked 
|  73|0x0000000084900000, 0x0000000084a00000, 0x0000000084a00000|100%| O|  |TAMS 0x0000000084900000, 0x0000000084900000| Untracked 
|  74|0x0000000084a00000, 0x0000000084b00000, 0x0000000084b00000|100%| O|  |TAMS 0x0000000084a00000, 0x0000000084a00000| Untracked 
|  75|0x0000000084b00000, 0x0000000084c00000, 0x0000000084c00000|100%| O|  |TAMS 0x0000000084b00000, 0x0000000084b00000| Untracked 
|  76|0x0000000084c00000, 0x0000000084d00000, 0x0000000084d00000|100%| O|  |TAMS 0x0000000084c00000, 0x0000000084c00000| Untracked 
|  77|0x0000000084d00000, 0x0000000084e00000, 0x0000000084e00000|100%| O|  |TAMS 0x0000000084d00000, 0x0000000084d00000| Untracked 
|  78|0x0000000084e00000, 0x0000000084f00000, 0x0000000084f00000|100%| O|  |TAMS 0x0000000084e00000, 0x0000000084e00000| Untracked 
|  79|0x0000000084f00000, 0x0000000085000000, 0x0000000085000000|100%|HS|  |TAMS 0x0000000084f00000, 0x0000000084f00000| Complete 
|  80|0x0000000085000000, 0x0000000085100000, 0x0000000085100000|100%|HS|  |TAMS 0x0000000085000000, 0x0000000085000000| Complete 
|  81|0x0000000085100000, 0x0000000085200000, 0x0000000085200000|100%|HS|  |TAMS 0x0000000085100000, 0x0000000085100000| Complete 
|  82|0x0000000085200000, 0x0000000085300000, 0x0000000085300000|100%|HS|  |TAMS 0x0000000085200000, 0x0000000085200000| Complete 
|  83|0x0000000085300000, 0x0000000085400000, 0x0000000085400000|100%| O|  |TAMS 0x0000000085300000, 0x0000000085300000| Untracked 
|  84|0x0000000085400000, 0x0000000085500000, 0x0000000085500000|100%| O|  |TAMS 0x0000000085400000, 0x0000000085400000| Untracked 
|  85|0x0000000085500000, 0x0000000085600000, 0x0000000085600000|100%| O|  |TAMS 0x0000000085500000, 0x0000000085500000| Untracked 
|  86|0x0000000085600000, 0x0000000085700000, 0x0000000085700000|100%| O|  |TAMS 0x0000000085600000, 0x0000000085600000| Untracked 
|  87|0x0000000085700000, 0x0000000085800000, 0x0000000085800000|100%| O|  |TAMS 0x0000000085700000, 0x0000000085700000| Untracked 
|  88|0x0000000085800000, 0x0000000085900000, 0x0000000085900000|100%| O|  |TAMS 0x0000000085800000, 0x0000000085800000| Untracked 
|  89|0x0000000085900000, 0x0000000085a00000, 0x0000000085a00000|100%| O|  |TAMS 0x0000000085900000, 0x0000000085900000| Untracked 
|  90|0x0000000085a00000, 0x0000000085b00000, 0x0000000085b00000|100%| O|  |TAMS 0x0000000085a00000, 0x0000000085a00000| Untracked 
|  91|0x0000000085b00000, 0x0000000085c00000, 0x0000000085c00000|100%| O|  |TAMS 0x0000000085b00000, 0x0000000085b00000| Untracked 
|  92|0x0000000085c00000, 0x0000000085d00000, 0x0000000085d00000|100%| O|  |TAMS 0x0000000085c00000, 0x0000000085c00000| Untracked 
|  93|0x0000000085d00000, 0x0000000085d80c00, 0x0000000085e00000| 50%| O|  |TAMS 0x0000000085d00000, 0x0000000085d00000| Untracked 
|  94|0x0000000085e00000, 0x0000000085e00000, 0x0000000085f00000|  0%| F|  |TAMS 0x0000000085e00000, 0x0000000085e00000| Untracked 
|  95|0x0000000085f00000, 0x0000000085f00000, 0x0000000086000000|  0%| F|  |TAMS 0x0000000085f00000, 0x0000000085f00000| Untracked 
|  96|0x0000000086000000, 0x0000000086000000, 0x0000000086100000|  0%| F|  |TAMS 0x0000000086000000, 0x0000000086000000| Untracked 
|  97|0x0000000086100000, 0x0000000086100000, 0x0000000086200000|  0%| F|  |TAMS 0x0000000086100000, 0x0000000086100000| Untracked 
|  98|0x0000000086200000, 0x0000000086200000, 0x0000000086300000|  0%| F|  |TAMS 0x0000000086200000, 0x0000000086200000| Untracked 
|  99|0x0000000086300000, 0x0000000086300000, 0x0000000086400000|  0%| F|  |TAMS 0x0000000086300000, 0x0000000086300000| Untracked 
| 100|0x0000000086400000, 0x0000000086400000, 0x0000000086500000|  0%| F|  |TAMS 0x0000000086400000, 0x0000000086400000| Untracked 
| 101|0x0000000086500000, 0x0000000086500000, 0x0000000086600000|  0%| F|  |TAMS 0x0000000086500000, 0x0000000086500000| Untracked 
| 102|0x0000000086600000, 0x0000000086600000, 0x0000000086700000|  0%| F|  |TAMS 0x0000000086600000, 0x0000000086600000| Untracked 
| 103|0x0000000086700000, 0x0000000086700000, 0x0000000086800000|  0%| F|  |TAMS 0x0000000086700000, 0x0000000086700000| Untracked 
| 104|0x0000000086800000, 0x0000000086800000, 0x0000000086900000|  0%| F|  |TAMS 0x0000000086800000, 0x0000000086800000| Untracked 
| 105|0x0000000086900000, 0x0000000086900000, 0x0000000086a00000|  0%| F|  |TAMS 0x0000000086900000, 0x0000000086900000| Untracked 
| 106|0x0000000086a00000, 0x0000000086a00000, 0x0000000086b00000|  0%| F|  |TAMS 0x0000000086a00000, 0x0000000086a00000| Untracked 
| 107|0x0000000086b00000, 0x0000000086b00000, 0x0000000086c00000|  0%| F|  |TAMS 0x0000000086b00000, 0x0000000086b00000| Untracked 
| 108|0x0000000086c00000, 0x0000000086c00000, 0x0000000086d00000|  0%| F|  |TAMS 0x0000000086c00000, 0x0000000086c00000| Untracked 
| 109|0x0000000086d00000, 0x0000000086d00000, 0x0000000086e00000|  0%| F|  |TAMS 0x0000000086d00000, 0x0000000086d00000| Untracked 
| 110|0x0000000086e00000, 0x0000000086e00000, 0x0000000086f00000|  0%| F|  |TAMS 0x0000000086e00000, 0x0000000086e00000| Untracked 
| 111|0x0000000086f00000, 0x0000000086f00000, 0x0000000087000000|  0%| F|  |TAMS 0x0000000086f00000, 0x0000000086f00000| Untracked 
| 112|0x0000000087000000, 0x0000000087000000, 0x0000000087100000|  0%| F|  |TAMS 0x0000000087000000, 0x0000000087000000| Untracked 
| 113|0x0000000087100000, 0x0000000087100000, 0x0000000087200000|  0%| F|  |TAMS 0x0000000087100000, 0x0000000087100000| Untracked 
| 114|0x0000000087200000, 0x0000000087200000, 0x0000000087300000|  0%| F|  |TAMS 0x0000000087200000, 0x0000000087200000| Untracked 
| 115|0x0000000087300000, 0x0000000087300000, 0x0000000087400000|  0%| F|  |TAMS 0x0000000087300000, 0x0000000087300000| Untracked 
| 116|0x0000000087400000, 0x0000000087400000, 0x0000000087500000|  0%| F|  |TAMS 0x0000000087400000, 0x0000000087400000| Untracked 
| 117|0x0000000087500000, 0x0000000087500000, 0x0000000087600000|  0%| F|  |TAMS 0x0000000087500000, 0x0000000087500000| Untracked 
| 118|0x0000000087600000, 0x0000000087600000, 0x0000000087700000|  0%| F|  |TAMS 0x0000000087600000, 0x0000000087600000| Untracked 
| 119|0x0000000087700000, 0x0000000087700000, 0x0000000087800000|  0%| F|  |TAMS 0x0000000087700000, 0x0000000087700000| Untracked 
| 120|0x0000000087800000, 0x0000000087800000, 0x0000000087900000|  0%| F|  |TAMS 0x0000000087800000, 0x0000000087800000| Untracked 
| 121|0x0000000087900000, 0x0000000087900000, 0x0000000087a00000|  0%| F|  |TAMS 0x0000000087900000, 0x0000000087900000| Untracked 
| 122|0x0000000087a00000, 0x0000000087a00000, 0x0000000087b00000|  0%| F|  |TAMS 0x0000000087a00000, 0x0000000087a00000| Untracked 
| 123|0x0000000087b00000, 0x0000000087b00000, 0x0000000087c00000|  0%| F|  |TAMS 0x0000000087b00000, 0x0000000087b00000| Untracked 
| 124|0x0000000087c00000, 0x0000000087c00000, 0x0000000087d00000|  0%| F|  |TAMS 0x0000000087c00000, 0x0000000087c00000| Untracked 
| 125|0x0000000087d00000, 0x0000000087d00000, 0x0000000087e00000|  0%| F|  |TAMS 0x0000000087d00000, 0x0000000087d00000| Untracked 
| 126|0x0000000087e00000, 0x0000000087e00000, 0x0000000087f00000|  0%| F|  |TAMS 0x0000000087e00000, 0x0000000087e00000| Untracked 
| 127|0x0000000087f00000, 0x0000000087f00000, 0x0000000088000000|  0%| F|  |TAMS 0x0000000087f00000, 0x0000000087f00000| Untracked 
| 128|0x0000000088000000, 0x0000000088000000, 0x0000000088100000|  0%| F|  |TAMS 0x0000000088000000, 0x0000000088000000| Untracked 
| 129|0x0000000088100000, 0x0000000088100000, 0x0000000088200000|  0%| F|  |TAMS 0x0000000088100000, 0x0000000088100000| Untracked 
| 130|0x0000000088200000, 0x0000000088200000, 0x0000000088300000|  0%| F|  |TAMS 0x0000000088200000, 0x0000000088200000| Untracked 
| 131|0x0000000088300000, 0x0000000088300000, 0x0000000088400000|  0%| F|  |TAMS 0x0000000088300000, 0x0000000088300000| Untracked 
| 132|0x0000000088400000, 0x0000000088400000, 0x0000000088500000|  0%| F|  |TAMS 0x0000000088400000, 0x0000000088400000| Untracked 
| 133|0x0000000088500000, 0x0000000088500000, 0x0000000088600000|  0%| F|  |TAMS 0x0000000088500000, 0x0000000088500000| Untracked 
| 134|0x0000000088600000, 0x0000000088600000, 0x0000000088700000|  0%| F|  |TAMS 0x0000000088600000, 0x0000000088600000| Untracked 
| 135|0x0000000088700000, 0x0000000088700000, 0x0000000088800000|  0%| F|  |TAMS 0x0000000088700000, 0x0000000088700000| Untracked 
| 136|0x0000000088800000, 0x0000000088800000, 0x0000000088900000|  0%| F|  |TAMS 0x0000000088800000, 0x0000000088800000| Untracked 
| 137|0x0000000088900000, 0x0000000088900000, 0x0000000088a00000|  0%| F|  |TAMS 0x0000000088900000, 0x0000000088900000| Untracked 
| 138|0x0000000088a00000, 0x0000000088a00000, 0x0000000088b00000|  0%| F|  |TAMS 0x0000000088a00000, 0x0000000088a00000| Untracked 
| 139|0x0000000088b00000, 0x0000000088b00000, 0x0000000088c00000|  0%| F|  |TAMS 0x0000000088b00000, 0x0000000088b00000| Untracked 
| 140|0x0000000088c00000, 0x0000000088c00000, 0x0000000088d00000|  0%| F|  |TAMS 0x0000000088c00000, 0x0000000088c00000| Untracked 
| 141|0x0000000088d00000, 0x0000000088d00000, 0x0000000088e00000|  0%| F|  |TAMS 0x0000000088d00000, 0x0000000088d00000| Untracked 
| 142|0x0000000088e00000, 0x0000000088e00000, 0x0000000088f00000|  0%| F|  |TAMS 0x0000000088e00000, 0x0000000088e00000| Untracked 
| 143|0x0000000088f00000, 0x0000000088f00000, 0x0000000089000000|  0%| F|  |TAMS 0x0000000088f00000, 0x0000000088f00000| Untracked 
| 144|0x0000000089000000, 0x0000000089000000, 0x0000000089100000|  0%| F|  |TAMS 0x0000000089000000, 0x0000000089000000| Untracked 
| 145|0x0000000089100000, 0x0000000089100000, 0x0000000089200000|  0%| F|  |TAMS 0x0000000089100000, 0x0000000089100000| Untracked 
| 146|0x0000000089200000, 0x0000000089200000, 0x0000000089300000|  0%| F|  |TAMS 0x0000000089200000, 0x0000000089200000| Untracked 
| 147|0x0000000089300000, 0x0000000089300000, 0x0000000089400000|  0%| F|  |TAMS 0x0000000089300000, 0x0000000089300000| Untracked 
| 148|0x0000000089400000, 0x0000000089400000, 0x0000000089500000|  0%| F|  |TAMS 0x0000000089400000, 0x0000000089400000| Untracked 
| 149|0x0000000089500000, 0x0000000089500000, 0x0000000089600000|  0%| F|  |TAMS 0x0000000089500000, 0x0000000089500000| Untracked 
| 150|0x0000000089600000, 0x0000000089600000, 0x0000000089700000|  0%| F|  |TAMS 0x0000000089600000, 0x0000000089600000| Untracked 
| 151|0x0000000089700000, 0x0000000089700000, 0x0000000089800000|  0%| F|  |TAMS 0x0000000089700000, 0x0000000089700000| Untracked 
| 152|0x0000000089800000, 0x0000000089800000, 0x0000000089900000|  0%| F|  |TAMS 0x0000000089800000, 0x0000000089800000| Untracked 
| 153|0x0000000089900000, 0x0000000089900000, 0x0000000089a00000|  0%| F|  |TAMS 0x0000000089900000, 0x0000000089900000| Untracked 
| 154|0x0000000089a00000, 0x0000000089a00000, 0x0000000089b00000|  0%| F|  |TAMS 0x0000000089a00000, 0x0000000089a00000| Untracked 
| 155|0x0000000089b00000, 0x0000000089b00000, 0x0000000089c00000|  0%| F|  |TAMS 0x0000000089b00000, 0x0000000089b00000| Untracked 
| 156|0x0000000089c00000, 0x0000000089c00000, 0x0000000089d00000|  0%| F|  |TAMS 0x0000000089c00000, 0x0000000089c00000| Untracked 
| 157|0x0000000089d00000, 0x0000000089d00000, 0x0000000089e00000|  0%| F|  |TAMS 0x0000000089d00000, 0x0000000089d00000| Untracked 
| 158|0x0000000089e00000, 0x0000000089e00000, 0x0000000089f00000|  0%| F|  |TAMS 0x0000000089e00000, 0x0000000089e00000| Untracked 
| 159|0x0000000089f00000, 0x0000000089f00000, 0x000000008a000000|  0%| F|  |TAMS 0x0000000089f00000, 0x0000000089f00000| Untracked 
| 160|0x000000008a000000, 0x000000008a000000, 0x000000008a100000|  0%| F|  |TAMS 0x000000008a000000, 0x000000008a000000| Untracked 
| 161|0x000000008a100000, 0x000000008a100000, 0x000000008a200000|  0%| F|  |TAMS 0x000000008a100000, 0x000000008a100000| Untracked 
| 162|0x000000008a200000, 0x000000008a200000, 0x000000008a300000|  0%| F|  |TAMS 0x000000008a200000, 0x000000008a200000| Untracked 
| 163|0x000000008a300000, 0x000000008a300000, 0x000000008a400000|  0%| F|  |TAMS 0x000000008a300000, 0x000000008a300000| Untracked 
| 164|0x000000008a400000, 0x000000008a400000, 0x000000008a500000|  0%| F|  |TAMS 0x000000008a400000, 0x000000008a400000| Untracked 
| 165|0x000000008a500000, 0x000000008a500000, 0x000000008a600000|  0%| F|  |TAMS 0x000000008a500000, 0x000000008a500000| Untracked 
| 166|0x000000008a600000, 0x000000008a600000, 0x000000008a700000|  0%| F|  |TAMS 0x000000008a600000, 0x000000008a600000| Untracked 
| 167|0x000000008a700000, 0x000000008a700000, 0x000000008a800000|  0%| F|  |TAMS 0x000000008a700000, 0x000000008a700000| Untracked 
| 168|0x000000008a800000, 0x000000008a800000, 0x000000008a900000|  0%| F|  |TAMS 0x000000008a800000, 0x000000008a800000| Untracked 
| 169|0x000000008a900000, 0x000000008a900000, 0x000000008aa00000|  0%| F|  |TAMS 0x000000008a900000, 0x000000008a900000| Untracked 
| 170|0x000000008aa00000, 0x000000008aa00000, 0x000000008ab00000|  0%| F|  |TAMS 0x000000008aa00000, 0x000000008aa00000| Untracked 
| 171|0x000000008ab00000, 0x000000008ab00000, 0x000000008ac00000|  0%| F|  |TAMS 0x000000008ab00000, 0x000000008ab00000| Untracked 
| 172|0x000000008ac00000, 0x000000008ac00000, 0x000000008ad00000|  0%| F|  |TAMS 0x000000008ac00000, 0x000000008ac00000| Untracked 
| 173|0x000000008ad00000, 0x000000008ad00000, 0x000000008ae00000|  0%| F|  |TAMS 0x000000008ad00000, 0x000000008ad00000| Untracked 
| 174|0x000000008ae00000, 0x000000008ae00000, 0x000000008af00000|  0%| F|  |TAMS 0x000000008ae00000, 0x000000008ae00000| Untracked 
| 175|0x000000008af00000, 0x000000008af00000, 0x000000008b000000|  0%| F|  |TAMS 0x000000008af00000, 0x000000008af00000| Untracked 
| 176|0x000000008b000000, 0x000000008b000000, 0x000000008b100000|  0%| F|  |TAMS 0x000000008b000000, 0x000000008b000000| Untracked 
| 177|0x000000008b100000, 0x000000008b100000, 0x000000008b200000|  0%| F|  |TAMS 0x000000008b100000, 0x000000008b100000| Untracked 
| 178|0x000000008b200000, 0x000000008b200000, 0x000000008b300000|  0%| F|  |TAMS 0x000000008b200000, 0x000000008b200000| Untracked 
| 179|0x000000008b300000, 0x000000008b300000, 0x000000008b400000|  0%| F|  |TAMS 0x000000008b300000, 0x000000008b300000| Untracked 
| 180|0x000000008b400000, 0x000000008b400000, 0x000000008b500000|  0%| F|  |TAMS 0x000000008b400000, 0x000000008b400000| Untracked 
| 181|0x000000008b500000, 0x000000008b500000, 0x000000008b600000|  0%| F|  |TAMS 0x000000008b500000, 0x000000008b500000| Untracked 
| 182|0x000000008b600000, 0x000000008b600000, 0x000000008b700000|  0%| F|  |TAMS 0x000000008b600000, 0x000000008b600000| Untracked 
| 183|0x000000008b700000, 0x000000008b700000, 0x000000008b800000|  0%| F|  |TAMS 0x000000008b700000, 0x000000008b700000| Untracked 
| 184|0x000000008b800000, 0x000000008b800000, 0x000000008b900000|  0%| F|  |TAMS 0x000000008b800000, 0x000000008b800000| Untracked 
| 185|0x000000008b900000, 0x000000008b900000, 0x000000008ba00000|  0%| F|  |TAMS 0x000000008b900000, 0x000000008b900000| Untracked 
| 186|0x000000008ba00000, 0x000000008ba00000, 0x000000008bb00000|  0%| F|  |TAMS 0x000000008ba00000, 0x000000008ba00000| Untracked 
| 187|0x000000008bb00000, 0x000000008bb00000, 0x000000008bc00000|  0%| F|  |TAMS 0x000000008bb00000, 0x000000008bb00000| Untracked 
| 188|0x000000008bc00000, 0x000000008bc00000, 0x000000008bd00000|  0%| F|  |TAMS 0x000000008bc00000, 0x000000008bc00000| Untracked 
| 189|0x000000008bd00000, 0x000000008bd00000, 0x000000008be00000|  0%| F|  |TAMS 0x000000008bd00000, 0x000000008bd00000| Untracked 
| 190|0x000000008be00000, 0x000000008be00000, 0x000000008bf00000|  0%| F|  |TAMS 0x000000008be00000, 0x000000008be00000| Untracked 
| 191|0x000000008bf00000, 0x000000008bf00000, 0x000000008c000000|  0%| F|  |TAMS 0x000000008bf00000, 0x000000008bf00000| Untracked 
| 192|0x000000008c000000, 0x000000008c000000, 0x000000008c100000|  0%| F|  |TAMS 0x000000008c000000, 0x000000008c000000| Untracked 
| 193|0x000000008c100000, 0x000000008c100000, 0x000000008c200000|  0%| F|  |TAMS 0x000000008c100000, 0x000000008c100000| Untracked 
| 194|0x000000008c200000, 0x000000008c200000, 0x000000008c300000|  0%| F|  |TAMS 0x000000008c200000, 0x000000008c200000| Untracked 
| 195|0x000000008c300000, 0x000000008c300000, 0x000000008c400000|  0%| F|  |TAMS 0x000000008c300000, 0x000000008c300000| Untracked 
| 196|0x000000008c400000, 0x000000008c400000, 0x000000008c500000|  0%| F|  |TAMS 0x000000008c400000, 0x000000008c400000| Untracked 
| 197|0x000000008c500000, 0x000000008c500000, 0x000000008c600000|  0%| F|  |TAMS 0x000000008c500000, 0x000000008c500000| Untracked 
| 198|0x000000008c600000, 0x000000008c600000, 0x000000008c700000|  0%| F|  |TAMS 0x000000008c600000, 0x000000008c600000| Untracked 
| 199|0x000000008c700000, 0x000000008c700000, 0x000000008c800000|  0%| F|  |TAMS 0x000000008c700000, 0x000000008c700000| Untracked 
| 200|0x000000008c800000, 0x000000008c800000, 0x000000008c900000|  0%| F|  |TAMS 0x000000008c800000, 0x000000008c800000| Untracked 
| 201|0x000000008c900000, 0x000000008c900000, 0x000000008ca00000|  0%| F|  |TAMS 0x000000008c900000, 0x000000008c900000| Untracked 
| 202|0x000000008ca00000, 0x000000008ca00000, 0x000000008cb00000|  0%| F|  |TAMS 0x000000008ca00000, 0x000000008ca00000| Untracked 
| 203|0x000000008cb00000, 0x000000008cb00000, 0x000000008cc00000|  0%| F|  |TAMS 0x000000008cb00000, 0x000000008cb00000| Untracked 
| 204|0x000000008cc00000, 0x000000008cc00000, 0x000000008cd00000|  0%| F|  |TAMS 0x000000008cc00000, 0x000000008cc00000| Untracked 
| 205|0x000000008cd00000, 0x000000008cd00000, 0x000000008ce00000|  0%| F|  |TAMS 0x000000008cd00000, 0x000000008cd00000| Untracked 
| 206|0x000000008ce00000, 0x000000008ce00000, 0x000000008cf00000|  0%| F|  |TAMS 0x000000008ce00000, 0x000000008ce00000| Untracked 
| 207|0x000000008cf00000, 0x000000008cf00000, 0x000000008d000000|  0%| F|  |TAMS 0x000000008cf00000, 0x000000008cf00000| Untracked 
| 208|0x000000008d000000, 0x000000008d0ecc58, 0x000000008d100000| 92%| S|CS|TAMS 0x000000008d000000, 0x000000008d000000| Complete 
| 209|0x000000008d100000, 0x000000008d200000, 0x000000008d200000|100%| S|CS|TAMS 0x000000008d100000, 0x000000008d100000| Complete 
| 210|0x000000008d200000, 0x000000008d200000, 0x000000008d300000|  0%| F|  |TAMS 0x000000008d200000, 0x000000008d200000| Untracked 
| 211|0x000000008d300000, 0x000000008d300000, 0x000000008d400000|  0%| F|  |TAMS 0x000000008d300000, 0x000000008d300000| Untracked 
| 212|0x000000008d400000, 0x000000008d400000, 0x000000008d500000|  0%| F|  |TAMS 0x000000008d400000, 0x000000008d400000| Untracked 
| 213|0x000000008d500000, 0x000000008d500000, 0x000000008d600000|  0%| F|  |TAMS 0x000000008d500000, 0x000000008d500000| Untracked 
| 214|0x000000008d600000, 0x000000008d600000, 0x000000008d700000|  0%| F|  |TAMS 0x000000008d600000, 0x000000008d600000| Untracked 
| 215|0x000000008d700000, 0x000000008d700000, 0x000000008d800000|  0%| F|  |TAMS 0x000000008d700000, 0x000000008d700000| Untracked 
| 216|0x000000008d800000, 0x000000008d800000, 0x000000008d900000|  0%| F|  |TAMS 0x000000008d800000, 0x000000008d800000| Untracked 
| 217|0x000000008d900000, 0x000000008d900000, 0x000000008da00000|  0%| F|  |TAMS 0x000000008d900000, 0x000000008d900000| Untracked 
| 218|0x000000008da00000, 0x000000008da00000, 0x000000008db00000|  0%| F|  |TAMS 0x000000008da00000, 0x000000008da00000| Untracked 
| 219|0x000000008db00000, 0x000000008db00000, 0x000000008dc00000|  0%| F|  |TAMS 0x000000008db00000, 0x000000008db00000| Untracked 
| 220|0x000000008dc00000, 0x000000008dc00000, 0x000000008dd00000|  0%| F|  |TAMS 0x000000008dc00000, 0x000000008dc00000| Untracked 
| 221|0x000000008dd00000, 0x000000008dd00000, 0x000000008de00000|  0%| F|  |TAMS 0x000000008dd00000, 0x000000008dd00000| Untracked 
| 222|0x000000008de00000, 0x000000008de00000, 0x000000008df00000|  0%| F|  |TAMS 0x000000008de00000, 0x000000008de00000| Untracked 
| 223|0x000000008df00000, 0x000000008df00000, 0x000000008e000000|  0%| F|  |TAMS 0x000000008df00000, 0x000000008df00000| Untracked 
| 224|0x000000008e000000, 0x000000008e000000, 0x000000008e100000|  0%| F|  |TAMS 0x000000008e000000, 0x000000008e000000| Untracked 
| 225|0x000000008e100000, 0x000000008e100000, 0x000000008e200000|  0%| F|  |TAMS 0x000000008e100000, 0x000000008e100000| Untracked 
| 226|0x000000008e200000, 0x000000008e200000, 0x000000008e300000|  0%| F|  |TAMS 0x000000008e200000, 0x000000008e200000| Untracked 
| 227|0x000000008e300000, 0x000000008e300000, 0x000000008e400000|  0%| F|  |TAMS 0x000000008e300000, 0x000000008e300000| Untracked 
| 228|0x000000008e400000, 0x000000008e400000, 0x000000008e500000|  0%| F|  |TAMS 0x000000008e400000, 0x000000008e400000| Untracked 
| 229|0x000000008e500000, 0x000000008e500000, 0x000000008e600000|  0%| F|  |TAMS 0x000000008e500000, 0x000000008e500000| Untracked 
| 230|0x000000008e600000, 0x000000008e600000, 0x000000008e700000|  0%| F|  |TAMS 0x000000008e600000, 0x000000008e600000| Untracked 
| 231|0x000000008e700000, 0x000000008e700000, 0x000000008e800000|  0%| F|  |TAMS 0x000000008e700000, 0x000000008e700000| Untracked 
| 232|0x000000008e800000, 0x000000008e800000, 0x000000008e900000|  0%| F|  |TAMS 0x000000008e800000, 0x000000008e800000| Untracked 
| 233|0x000000008e900000, 0x000000008e900000, 0x000000008ea00000|  0%| F|  |TAMS 0x000000008e900000, 0x000000008e900000| Untracked 
| 234|0x000000008ea00000, 0x000000008ea00000, 0x000000008eb00000|  0%| F|  |TAMS 0x000000008ea00000, 0x000000008ea00000| Untracked 
| 235|0x000000008eb00000, 0x000000008eb00000, 0x000000008ec00000|  0%| F|  |TAMS 0x000000008eb00000, 0x000000008eb00000| Untracked 
| 236|0x000000008ec00000, 0x000000008ec00000, 0x000000008ed00000|  0%| F|  |TAMS 0x000000008ec00000, 0x000000008ec00000| Untracked 
| 237|0x000000008ed00000, 0x000000008ed00000, 0x000000008ee00000|  0%| F|  |TAMS 0x000000008ed00000, 0x000000008ed00000| Untracked 
| 238|0x000000008ee00000, 0x000000008ee00000, 0x000000008ef00000|  0%| F|  |TAMS 0x000000008ee00000, 0x000000008ee00000| Untracked 
| 239|0x000000008ef00000, 0x000000008ef00000, 0x000000008f000000|  0%| F|  |TAMS 0x000000008ef00000, 0x000000008ef00000| Untracked 
| 240|0x000000008f000000, 0x000000008f000000, 0x000000008f100000|  0%| F|  |TAMS 0x000000008f000000, 0x000000008f000000| Untracked 
| 241|0x000000008f100000, 0x000000008f100000, 0x000000008f200000|  0%| F|  |TAMS 0x000000008f100000, 0x000000008f100000| Untracked 
| 242|0x000000008f200000, 0x000000008f200000, 0x000000008f300000|  0%| F|  |TAMS 0x000000008f200000, 0x000000008f200000| Untracked 
| 243|0x000000008f300000, 0x000000008f300000, 0x000000008f400000|  0%| F|  |TAMS 0x000000008f300000, 0x000000008f300000| Untracked 
| 244|0x000000008f400000, 0x000000008f400000, 0x000000008f500000|  0%| F|  |TAMS 0x000000008f400000, 0x000000008f400000| Untracked 
| 245|0x000000008f500000, 0x000000008f500000, 0x000000008f600000|  0%| F|  |TAMS 0x000000008f500000, 0x000000008f500000| Untracked 
| 246|0x000000008f600000, 0x000000008f700000, 0x000000008f700000|100%| E|  |TAMS 0x000000008f600000, 0x000000008f600000| Complete 
| 247|0x000000008f700000, 0x000000008f800000, 0x000000008f800000|100%| E|CS|TAMS 0x000000008f700000, 0x000000008f700000| Complete 
| 248|0x000000008f800000, 0x000000008f900000, 0x000000008f900000|100%| E|CS|TAMS 0x000000008f800000, 0x000000008f800000| Complete 
| 249|0x000000008f900000, 0x000000008fa00000, 0x000000008fa00000|100%| E|CS|TAMS 0x000000008f900000, 0x000000008f900000| Complete 
| 250|0x000000008fa00000, 0x000000008fb00000, 0x000000008fb00000|100%| E|CS|TAMS 0x000000008fa00000, 0x000000008fa00000| Complete 
| 251|0x000000008fb00000, 0x000000008fc00000, 0x000000008fc00000|100%| E|CS|TAMS 0x000000008fb00000, 0x000000008fb00000| Complete 
| 252|0x000000008fc00000, 0x000000008fd00000, 0x000000008fd00000|100%| E|CS|TAMS 0x000000008fc00000, 0x000000008fc00000| Complete 
| 253|0x000000008fd00000, 0x000000008fe00000, 0x000000008fe00000|100%| E|CS|TAMS 0x000000008fd00000, 0x000000008fd00000| Complete 
| 254|0x000000008fe00000, 0x000000008ff00000, 0x000000008ff00000|100%| E|CS|TAMS 0x000000008fe00000, 0x000000008fe00000| Complete 
| 255|0x000000008ff00000, 0x0000000090000000, 0x0000000090000000|100%| E|CS|TAMS 0x000000008ff00000, 0x000000008ff00000| Complete 
| 256|0x0000000090000000, 0x0000000090100000, 0x0000000090100000|100%| E|CS|TAMS 0x0000000090000000, 0x0000000090000000| Complete 
| 257|0x0000000090100000, 0x0000000090200000, 0x0000000090200000|100%| E|CS|TAMS 0x0000000090100000, 0x0000000090100000| Complete 

Card table byte_map: [0x000001f0f5ef0000,0x000001f0f62f0000] _byte_map_base: 0x000001f0f5af0000

Marking Bits (Prev, Next): (CMBitMap*) 0x000001f0ee012760, (CMBitMap*) 0x000001f0ee0127a0
 Prev Bits: [0x000001f0f66f0000, 0x000001f0f86f0000)
 Next Bits: [0x000001f0f86f0000, 0x000001f0fa6f0000)

Polling page: 0x000001f0ebd20000

Metaspace:

Usage:
  Non-class:     64.47 MB used.
      Class:     10.39 MB used.
       Both:     74.86 MB used.

Virtual space:
  Non-class space:      128.00 MB reserved,      64.88 MB ( 51%) committed,  2 nodes.
      Class space:      416.00 MB reserved,      10.75 MB (  3%) committed,  1 nodes.
             Both:      544.00 MB reserved,      75.62 MB ( 14%) committed. 

Chunk freelists:
   Non-Class:  14.25 MB
       Class:  5.19 MB
        Both:  19.44 MB

MaxMetaspaceSize: 512.00 MB
CompressedClassSpaceSize: 416.00 MB
Initial GC threshold: 21.00 MB
Current GC threshold: 112.94 MB
CDS: on
MetaspaceReclaimPolicy: balanced
 - commit_granule_bytes: 65536.
 - commit_granule_words: 8192.
 - virtual_space_node_default_size: 8388608.
 - enlarge_chunks_in_place: 1.
 - new_chunks_are_fully_committed: 0.
 - uncommit_free_chunks: 1.
 - use_allocation_guard: 0.
 - handle_deallocations: 1.


Internal statistics:

num_allocs_failed_limit: 6.
num_arena_births: 1086.
num_arena_deaths: 0.
num_vsnodes_births: 3.
num_vsnodes_deaths: 0.
num_space_committed: 1210.
num_space_uncommitted: 0.
num_chunks_returned_to_freelist: 6.
num_chunks_taken_from_freelist: 4424.
num_chunk_merges: 6.
num_chunk_splits: 2838.
num_chunks_enlarged: 1794.
num_inconsistent_stats: 0.

CodeHeap 'non-profiled nmethods': size=120000Kb used=5599Kb max_used=5949Kb free=114400Kb
 bounds [0x000001f087ad0000, 0x000001f0880c0000, 0x000001f08f000000]
CodeHeap 'profiled nmethods': size=120000Kb used=18146Kb max_used=20054Kb free=101853Kb
 bounds [0x000001f080000000, 0x000001f0813a0000, 0x000001f087530000]
CodeHeap 'non-nmethods': size=5760Kb used=2380Kb max_used=2469Kb free=3380Kb
 bounds [0x000001f087530000, 0x000001f0877c0000, 0x000001f087ad0000]
 total_blobs=10474 nmethods=9564 adapters=822
 compilation: enabled
              stopped_count=0, restarted_count=0
 full_count=0

Compilation events (20 events):
Event: 76.065 Thread 0x000001f0fcbb7d80 11208       3       java.math.BigInteger::stripLeadingZeroBytes (141 bytes)
Event: 76.065 Thread 0x000001f0fcbb7d80 nmethod 11208 0x000001f080114310 code [0x000001f0801144e0, 0x000001f080114a38]
Event: 76.067 Thread 0x000001f0fcbb7d80 11209       3       java.lang.Class::getConstructor (31 bytes)
Event: 76.068 Thread 0x000001f0fcbb7d80 nmethod 11209 0x000001f08048d010 code [0x000001f08048d2a0, 0x000001f08048dc48]
Event: 76.074 Thread 0x000001f0fcbb7d80 11210       3       java.util.regex.Pattern::group0 (1098 bytes)
Event: 76.079 Thread 0x000001f0fcbb7d80 nmethod 11210 0x000001f08018f710 code [0x000001f08018ff60, 0x000001f080194c18]
Event: 76.087 Thread 0x000001f0fcbb7d80 11212       3       sun.security.util.DerInputStream::<init> (38 bytes)
Event: 76.087 Thread 0x000001f0fcbb7d80 nmethod 11212 0x000001f080542a90 code [0x000001f080542c20, 0x000001f080542df8]
Event: 76.088 Thread 0x000001f0fcbb7d80 11213       3       sun.security.util.DerValue::data (29 bytes)
Event: 76.088 Thread 0x000001f0fcbb7d80 nmethod 11213 0x000001f080577390 code [0x000001f080577540, 0x000001f080577708]
Event: 76.090 Thread 0x000001f0fcbb7d80 11215       3       java.lang.Byte::<init> (10 bytes)
Event: 76.090 Thread 0x000001f0fcbb7d80 nmethod 11215 0x000001f0805faa90 code [0x000001f0805fac40, 0x000001f0805fae18]
Event: 76.092 Thread 0x000001f0fcbb7d80 11216       3       java.util.jar.Manifest$FastInputStream::readLine (296 bytes)
Event: 76.093 Thread 0x000001f0fcbb7d80 nmethod 11216 0x000001f080373190 code [0x000001f0803733c0, 0x000001f080373c68]
Event: 76.095 Thread 0x000001f0fcbb7d80 11218       3       sun.security.util.DerValue::<init> (445 bytes)
Event: 76.097 Thread 0x000001f0fcbb7d80 nmethod 11218 0x000001f080543210 code [0x000001f080543600, 0x000001f080544ff8]
Event: 76.097 Thread 0x000001f0fcbb7d80 11219       3       sun.security.util.DerInputStream::getDerValue (76 bytes)
Event: 76.097 Thread 0x000001f0fcbb7d80 nmethod 11219 0x000001f0802bd010 code [0x000001f0802bd1c0, 0x000001f0802bd428]
Event: 76.102 Thread 0x000001f0fcbb7d80 11220       3       sun.security.util.DerInputStream::available (10 bytes)
Event: 76.102 Thread 0x000001f0fcbb7d80 nmethod 11220 0x000001f0802a6810 code [0x000001f0802a69a0, 0x000001f0802a6ab8]

GC Heap History (20 events):
Event: 49.164 GC heap before
{Heap before GC invocations=28 (full 0):
 garbage-first heap   total 121856K, used 70335K [0x0000000080000000, 0x0000000100000000)
  region size 1024K, 5 young (5120K), 4 survivors (4096K)
 Metaspace       used 63180K, committed 63936K, reserved 491520K
  class space    used 8924K, committed 9280K, reserved 425984K
}
Event: 49.173 GC heap after
{Heap after GC invocations=29 (full 0):
 garbage-first heap   total 121856K, used 69037K [0x0000000080000000, 0x0000000100000000)
  region size 1024K, 1 young (1024K), 1 survivors (1024K)
 Metaspace       used 63180K, committed 63936K, reserved 491520K
  class space    used 8924K, committed 9280K, reserved 425984K
}
Event: 50.592 GC heap before
{Heap before GC invocations=29 (full 0):
 garbage-first heap   total 121856K, used 96685K [0x0000000080000000, 0x0000000100000000)
  region size 1024K, 29 young (29696K), 1 survivors (1024K)
 Metaspace       used 65200K, committed 65920K, reserved 491520K
  class space    used 9208K, committed 9536K, reserved 425984K
}
Event: 50.603 GC heap after
{Heap after GC invocations=30 (full 0):
 garbage-first heap   total 121856K, used 70517K [0x0000000080000000, 0x0000000100000000)
  region size 1024K, 3 young (3072K), 3 survivors (3072K)
 Metaspace       used 65200K, committed 65920K, reserved 491520K
  class space    used 9208K, committed 9536K, reserved 425984K
}
Event: 52.298 GC heap before
{Heap before GC invocations=31 (full 0):
 garbage-first heap   total 121856K, used 97141K [0x0000000080000000, 0x0000000100000000)
  region size 1024K, 30 young (30720K), 3 survivors (3072K)
 Metaspace       used 67394K, committed 68160K, reserved 491520K
  class space    used 9549K, committed 9920K, reserved 425984K
}
Event: 52.308 GC heap after
{Heap after GC invocations=32 (full 0):
 garbage-first heap   total 121856K, used 73053K [0x0000000080000000, 0x0000000100000000)
  region size 1024K, 4 young (4096K), 4 survivors (4096K)
 Metaspace       used 67394K, committed 68160K, reserved 491520K
  class space    used 9549K, committed 9920K, reserved 425984K
}
Event: 52.334 GC heap before
{Heap before GC invocations=32 (full 0):
 garbage-first heap   total 121856K, used 73053K [0x0000000080000000, 0x0000000100000000)
  region size 1024K, 5 young (5120K), 4 survivors (4096K)
 Metaspace       used 67475K, committed 68224K, reserved 491520K
  class space    used 9568K, committed 9920K, reserved 425984K
}
Event: 52.350 GC heap after
{Heap after GC invocations=33 (full 0):
 garbage-first heap   total 121856K, used 72971K [0x0000000080000000, 0x0000000100000000)
  region size 1024K, 1 young (1024K), 1 survivors (1024K)
 Metaspace       used 67475K, committed 68224K, reserved 491520K
  class space    used 9568K, committed 9920K, reserved 425984K
}
Event: 54.189 GC heap before
{Heap before GC invocations=33 (full 0):
 garbage-first heap   total 121856K, used 98571K [0x0000000080000000, 0x0000000100000000)
  region size 1024K, 27 young (27648K), 1 survivors (1024K)
 Metaspace       used 68655K, committed 69376K, reserved 491520K
  class space    used 9772K, committed 10112K, reserved 425984K
}
Event: 54.197 GC heap after
{Heap after GC invocations=34 (full 0):
 garbage-first heap   total 121856K, used 76263K [0x0000000080000000, 0x0000000100000000)
  region size 1024K, 4 young (4096K), 4 survivors (4096K)
 Metaspace       used 68655K, committed 69376K, reserved 491520K
  class space    used 9772K, committed 10112K, reserved 425984K
}
Event: 55.992 GC heap before
{Heap before GC invocations=35 (full 0):
 garbage-first heap   total 132096K, used 99815K [0x0000000080000000, 0x0000000100000000)
  region size 1024K, 27 young (27648K), 4 survivors (4096K)
 Metaspace       used 69855K, committed 70720K, reserved 491520K
  class space    used 9929K, committed 10368K, reserved 425984K
}
Event: 56.021 GC heap after
{Heap after GC invocations=36 (full 0):
 garbage-first heap   total 132096K, used 79294K [0x0000000080000000, 0x0000000100000000)
  region size 1024K, 4 young (4096K), 4 survivors (4096K)
 Metaspace       used 69855K, committed 70720K, reserved 491520K
  class space    used 9929K, committed 10368K, reserved 425984K
}
Event: 56.031 GC heap before
{Heap before GC invocations=36 (full 0):
 garbage-first heap   total 132096K, used 81342K [0x0000000080000000, 0x0000000100000000)
  region size 1024K, 6 young (6144K), 4 survivors (4096K)
 Metaspace       used 69855K, committed 70720K, reserved 491520K
  class space    used 9929K, committed 10368K, reserved 425984K
}
Event: 56.048 GC heap after
{Heap after GC invocations=37 (full 0):
 garbage-first heap   total 264192K, used 78970K [0x0000000080000000, 0x0000000100000000)
  region size 1024K, 1 young (1024K), 1 survivors (1024K)
 Metaspace       used 69855K, committed 70720K, reserved 491520K
  class space    used 9929K, committed 10368K, reserved 425984K
}
Event: 65.860 GC heap before
{Heap before GC invocations=37 (full 0):
 garbage-first heap   total 264192K, used 194682K [0x0000000080000000, 0x0000000100000000)
  region size 1024K, 115 young (117760K), 1 survivors (1024K)
 Metaspace       used 70643K, committed 71488K, reserved 491520K
  class space    used 9957K, committed 10368K, reserved 425984K
}
Event: 66.055 GC heap after
{Heap after GC invocations=38 (full 0):
 garbage-first heap   total 264192K, used 83954K [0x0000000080000000, 0x0000000100000000)
  region size 1024K, 6 young (6144K), 6 survivors (6144K)
 Metaspace       used 70643K, committed 71488K, reserved 491520K
  class space    used 9957K, committed 10368K, reserved 425984K
}
Event: 72.277 GC heap before
{Heap before GC invocations=38 (full 0):
 garbage-first heap   total 264192K, used 147442K [0x0000000080000000, 0x0000000100000000)
  region size 1024K, 62 young (63488K), 6 survivors (6144K)
 Metaspace       used 71278K, committed 72192K, reserved 491520K
  class space    used 10038K, committed 10496K, reserved 425984K
}
Event: 72.326 GC heap after
{Heap after GC invocations=39 (full 0):
 garbage-first heap   total 264192K, used 96142K [0x0000000080000000, 0x0000000100000000)
  region size 1024K, 8 young (8192K), 8 survivors (8192K)
 Metaspace       used 71278K, committed 72192K, reserved 491520K
  class space    used 10038K, committed 10496K, reserved 425984K
}
Event: 75.601 GC heap before
{Heap before GC invocations=39 (full 0):
 garbage-first heap   total 264192K, used 146318K [0x0000000080000000, 0x0000000100000000)
  region size 1024K, 56 young (57344K), 8 survivors (8192K)
 Metaspace       used 75068K, committed 75904K, reserved 557056K
  class space    used 10464K, committed 10880K, reserved 425984K
}
Event: 75.625 GC heap after
{Heap after GC invocations=40 (full 0):
 garbage-first heap   total 264192K, used 97718K [0x0000000080000000, 0x0000000100000000)
  region size 1024K, 2 young (2048K), 2 survivors (2048K)
 Metaspace       used 75068K, committed 75904K, reserved 557056K
  class space    used 10464K, committed 10880K, reserved 425984K
}

Dll operation events (15 events):
Event: 0.097 Loaded shared library C:\Program Files\Microsoft\jdk-17.0.13.11-hotspot\bin\java.dll
Event: 0.405 Loaded shared library C:\Program Files\Microsoft\jdk-17.0.13.11-hotspot\bin\jsvml.dll
Event: 0.819 Loaded shared library C:\Program Files\Microsoft\jdk-17.0.13.11-hotspot\bin\zip.dll
Event: 0.856 Loaded shared library C:\Program Files\Microsoft\jdk-17.0.13.11-hotspot\bin\instrument.dll
Event: 0.946 Loaded shared library C:\Program Files\Microsoft\jdk-17.0.13.11-hotspot\bin\net.dll
Event: 1.107 Loaded shared library C:\Program Files\Microsoft\jdk-17.0.13.11-hotspot\bin\nio.dll
Event: 1.161 Loaded shared library C:\Program Files\Microsoft\jdk-17.0.13.11-hotspot\bin\zip.dll
Event: 3.953 Loaded shared library C:\Program Files\Microsoft\jdk-17.0.13.11-hotspot\bin\jimage.dll
Event: 4.782 Loaded shared library C:\Program Files\Microsoft\jdk-17.0.13.11-hotspot\bin\verify.dll
Event: 7.350 Loaded shared library C:\Users\Muhammad Rehman\.gradle\native\c067742578af261105cb4f569cf0c3c89f3d7b1fecec35dd04571415982c5e48\windows-amd64\native-platform.dll
Event: 7.367 Loaded shared library C:\Users\Muhammad Rehman\.gradle\native\100fb08df4bc3b14c8652ba06237920a3bd2aa13389f12d3474272988ae205f9\windows-amd64\native-platform-file-events.dll
Event: 12.198 Loaded shared library C:\Program Files\Microsoft\jdk-17.0.13.11-hotspot\bin\management.dll
Event: 12.211 Loaded shared library C:\Program Files\Microsoft\jdk-17.0.13.11-hotspot\bin\management_ext.dll
Event: 13.182 Loaded shared library C:\Program Files\Microsoft\jdk-17.0.13.11-hotspot\bin\extnet.dll
Event: 14.466 Loaded shared library C:\Program Files\Microsoft\jdk-17.0.13.11-hotspot\bin\sunmscapi.dll

Deoptimization events (20 events):
Event: 76.094 Thread 0x000001f0fe2f7aa0 DEOPT PACKING pc=0x000001f080373b06 sp=0x00000005780ef410
Event: 76.094 Thread 0x000001f0fe2f7aa0 DEOPT UNPACKING pc=0x000001f087587143 sp=0x00000005780ee8a0 mode 0
Event: 76.094 Thread 0x000001f0fe2f7aa0 DEOPT PACKING pc=0x000001f080373b06 sp=0x00000005780ef410
Event: 76.094 Thread 0x000001f0fe2f7aa0 DEOPT UNPACKING pc=0x000001f087587143 sp=0x00000005780ee8a0 mode 0
Event: 76.094 Thread 0x000001f0fe2f7aa0 DEOPT PACKING pc=0x000001f080373b06 sp=0x00000005780ef410
Event: 76.094 Thread 0x000001f0fe2f7aa0 DEOPT UNPACKING pc=0x000001f087587143 sp=0x00000005780ee8a0 mode 0
Event: 76.094 Thread 0x000001f0fe2f7aa0 DEOPT PACKING pc=0x000001f080373b06 sp=0x00000005780ef410
Event: 76.094 Thread 0x000001f0fe2f7aa0 DEOPT UNPACKING pc=0x000001f087587143 sp=0x00000005780ee8a0 mode 0
Event: 76.104 Thread 0x000001f0fe2f7aa0 Uncommon trap: trap_request=0xffffff45 fr.pc=0x000001f087cbfb50 relative=0x0000000000000150
Event: 76.104 Thread 0x000001f0fe2f7aa0 Uncommon trap: reason=unstable_if action=reinterpret pc=0x000001f087cbfb50 method=java.util.Arrays.hashCode([B)I @ 1 c2
Event: 76.104 Thread 0x000001f0fe2f7aa0 DEOPT PACKING pc=0x000001f087cbfb50 sp=0x00000005780ef130
Event: 76.104 Thread 0x000001f0fe2f7aa0 DEOPT UNPACKING pc=0x000001f0875869a3 sp=0x00000005780ef0a8 mode 2
Event: 76.107 Thread 0x000001f0fe2f7aa0 Uncommon trap: trap_request=0xffffff45 fr.pc=0x000001f087f8475c relative=0x00000000000000bc
Event: 76.107 Thread 0x000001f0fe2f7aa0 Uncommon trap: reason=unstable_if action=reinterpret pc=0x000001f087f8475c method=java.lang.CharacterDataLatin1.isWhitespace(I)Z @ 14 c2
Event: 76.107 Thread 0x000001f0fe2f7aa0 DEOPT PACKING pc=0x000001f087f8475c sp=0x00000005780eee90
Event: 76.107 Thread 0x000001f0fe2f7aa0 DEOPT UNPACKING pc=0x000001f0875869a3 sp=0x00000005780eed58 mode 2
Event: 76.107 Thread 0x000001f0fe2f7aa0 Uncommon trap: trap_request=0xffffff45 fr.pc=0x000001f087ba3f84 relative=0x0000000000000084
Event: 76.107 Thread 0x000001f0fe2f7aa0 Uncommon trap: reason=unstable_if action=reinterpret pc=0x000001f087ba3f84 method=java.lang.CharacterDataLatin1.isWhitespace(I)Z @ 14 c2
Event: 76.107 Thread 0x000001f0fe2f7aa0 DEOPT PACKING pc=0x000001f087ba3f84 sp=0x00000005780eede0
Event: 76.107 Thread 0x000001f0fe2f7aa0 DEOPT UNPACKING pc=0x000001f0875869a3 sp=0x00000005780eed60 mode 2

Classes loaded (20 events):
Event: 76.109 Loading class jdk/internal/icu/text/NormalizerBase done
Event: 76.109 Loading class jdk/internal/icu/text/NormalizerBase$NONEMode
Event: 76.109 Loading class jdk/internal/icu/text/NormalizerBase$Mode
Event: 76.109 Loading class jdk/internal/icu/text/NormalizerBase$Mode done
Event: 76.109 Loading class jdk/internal/icu/text/NormalizerBase$NONEMode done
Event: 76.109 Loading class jdk/internal/icu/text/NormalizerBase$NFDMode
Event: 76.110 Loading class jdk/internal/icu/text/NormalizerBase$NFDMode done
Event: 76.110 Loading class jdk/internal/icu/text/NormalizerBase$NFKDMode
Event: 76.110 Loading class jdk/internal/icu/text/NormalizerBase$NFKDMode done
Event: 76.110 Loading class jdk/internal/icu/text/NormalizerBase$NFCMode
Event: 76.110 Loading class jdk/internal/icu/text/NormalizerBase$NFCMode done
Event: 76.110 Loading class jdk/internal/icu/text/NormalizerBase$NFKCMode
Event: 76.110 Loading class jdk/internal/icu/text/NormalizerBase$NFKCMode done
Event: 76.110 Loading class jdk/internal/icu/text/NormalizerBase$1
Event: 76.110 Loading class jdk/internal/icu/text/NormalizerBase$1 done
Event: 76.110 Loading class jdk/internal/icu/text/NormalizerBase$NFKDModeImpl
Event: 76.110 Loading class jdk/internal/icu/text/NormalizerBase$NFKDModeImpl done
Event: 76.110 Loading class jdk/internal/icu/text/NormalizerBase$ModeImpl
Event: 76.110 Loading class jdk/internal/icu/text/NormalizerBase$ModeImpl done
Event: 76.110 Loading class jdk/internal/icu/text/Normalizer2

Classes unloaded (0 events):
No events

Classes redefined (0 events):
No events

Internal exceptions (20 events):
Event: 56.088 Thread 0x000001f0fe2f7aa0 Exception <a 'java/lang/ClassNotFoundException'{0x00000000900c3bf0}: org/gradle/api/internal/artifacts/DefaultArtifactRepositoryContainerCustomizer> (0x00000000900c3bf0) 
thrown [s\src\hotspot\share\classfile\systemDictionary.cpp, line 256]
Event: 56.090 Thread 0x000001f0fe2f7aa0 Exception <a 'java/lang/ClassNotFoundException'{0x00000000900ee460}: org/gradle/api/internal/artifacts/dsl/DefaultRepositoryHandlerCustomizer> (0x00000000900ee460) 
thrown [s\src\hotspot\share\classfile\systemDictionary.cpp, line 256]
Event: 56.111 Thread 0x000001f0fe2f7aa0 Exception <a 'java/lang/ClassNotFoundException'{0x000000008ff72de0}: org/gradle/api/internal/artifacts/dsl/DefaultRepositoryHandler_DecoratedCustomizer> (0x000000008ff72de0) 
thrown [s\src\hotspot\share\classfile\systemDictionary.cpp, line 256]
Event: 56.158 Thread 0x000001f0fe2f7aa0 Exception <a 'java/lang/ClassNotFoundException'{0x000000008fe1c948}: org/gradle/api/internal/artifacts/dsl/dependencies/DefaultDependencyHandler_DecoratedBeanInfo> (0x000000008fe1c948) 
thrown [s\src\hotspot\share\classfile\systemDictionary.cpp, line 256]
Event: 56.159 Thread 0x000001f0fe2f7aa0 Exception <a 'java/lang/ClassNotFoundException'{0x000000008fe349d8}: org/gradle/api/internal/artifacts/dsl/dependencies/DefaultDependencyHandlerBeanInfo> (0x000000008fe349d8) 
thrown [s\src\hotspot\share\classfile\systemDictionary.cpp, line 256]
Event: 56.160 Thread 0x000001f0fe2f7aa0 Exception <a 'java/lang/ClassNotFoundException'{0x000000008fe4c4d8}: org/gradle/api/internal/artifacts/dsl/dependencies/DefaultDependencyHandlerCustomizer> (0x000000008fe4c4d8) 
thrown [s\src\hotspot\share\classfile\systemDictionary.cpp, line 256]
Event: 56.164 Thread 0x000001f0fe2f7aa0 Exception <a 'java/lang/ClassNotFoundException'{0x000000008fe8c108}: org/gradle/api/internal/artifacts/dsl/dependencies/DefaultDependencyHandler_DecoratedCustomizer> (0x000000008fe8c108) 
thrown [s\src\hotspot\share\classfile\systemDictionary.cpp, line 256]
Event: 58.586 Thread 0x000001f0ff753740 Implicit null exception at 0x000001f087fc8c60 to 0x000001f087fc8cf8
Event: 58.975 Thread 0x000001f0ae8bb4b0 Exception <a 'sun/nio/fs/WindowsException'{0x000000008e95dd20}> (0x000000008e95dd20) 
thrown [s\src\hotspot\share\prims\jni.cpp, line 516]
Event: 58.989 Thread 0x000001f0ae8bb4b0 Exception <a 'sun/nio/fs/WindowsException'{0x000000008e962ac0}> (0x000000008e962ac0) 
thrown [s\src\hotspot\share\prims\jni.cpp, line 516]
Event: 58.990 Thread 0x000001f0ae8bb4b0 Exception <a 'sun/nio/fs/WindowsException'{0x000000008e9654c0}> (0x000000008e9654c0) 
thrown [s\src\hotspot\share\prims\jni.cpp, line 516]
Event: 58.999 Thread 0x000001f0ae8bb4b0 Exception <a 'sun/nio/fs/WindowsException'{0x000000008e9678c8}> (0x000000008e9678c8) 
thrown [s\src\hotspot\share\prims\jni.cpp, line 516]
Event: 60.313 Thread 0x000001f0ff750ec0 Implicit null exception at 0x000001f087fef58a to 0x000001f087fefc98
Event: 69.273 Thread 0x000001f0fe2f7aa0 Exception <a 'java/lang/ClassNotFoundException'{0x000000008dcd78e0}: build_ejutakrgcg01z53cy0ng0jmx5BeanInfo> (0x000000008dcd78e0) 
thrown [s\src\hotspot\share\classfile\systemDictionary.cpp, line 256]
Event: 69.275 Thread 0x000001f0fe2f7aa0 Exception <a 'java/lang/ClassNotFoundException'{0x000000008dcdebe0}: build_ejutakrgcg01z53cy0ng0jmx5Customizer> (0x000000008dcdebe0) 
thrown [s\src\hotspot\share\classfile\systemDictionary.cpp, line 256]
Event: 71.361 Thread 0x000001f0fe2f7aa0 Exception <a 'java/lang/ClassNotFoundException'{0x000000008d44a400}: org/gradle/api/internal/plugins/DefaultObjectConfigurationActionBeanInfo> (0x000000008d44a400) 
thrown [s\src\hotspot\share\classfile\systemDictionary.cpp, line 256]
Event: 71.368 Thread 0x000001f0fe2f7aa0 Exception <a 'java/lang/ClassNotFoundException'{0x000000008d45ea10}: org/gradle/api/internal/plugins/DefaultObjectConfigurationActionCustomizer> (0x000000008d45ea10) 
thrown [s\src\hotspot\share\classfile\systemDictionary.cpp, line 256]
Event: 71.596 Thread 0x000001f0fe2f7aa0 Exception <a 'java/lang/ClassNotFoundException'{0x000000008d26f350}: build_bcyxz691w084pab6dr00hp2urBeanInfo> (0x000000008d26f350) 
thrown [s\src\hotspot\share\classfile\systemDictionary.cpp, line 256]
Event: 71.598 Thread 0x000001f0fe2f7aa0 Exception <a 'java/lang/ClassNotFoundException'{0x000000008d27c360}: build_bcyxz691w084pab6dr00hp2urCustomizer> (0x000000008d27c360) 
thrown [s\src\hotspot\share\classfile\systemDictionary.cpp, line 256]
Event: 76.104 Thread 0x000001f0fe2f7aa0 Implicit null exception at 0x000001f087cbfa0c to 0x000001f087cbfb42

VM Operations (20 events):
Event: 69.693 Executing VM operation: HandshakeAllThreads
Event: 69.693 Executing VM operation: HandshakeAllThreads done
Event: 70.711 Executing VM operation: Cleanup
Event: 70.787 Executing VM operation: Cleanup done
Event: 71.798 Executing VM operation: Cleanup
Event: 71.836 Executing VM operation: Cleanup done
Event: 72.110 Executing VM operation: HandshakeAllThreads
Event: 72.117 Executing VM operation: HandshakeAllThreads done
Event: 72.277 Executing VM operation: G1CollectForAllocation
Event: 72.326 Executing VM operation: G1CollectForAllocation done
Event: 73.335 Executing VM operation: Cleanup
Event: 73.335 Executing VM operation: Cleanup done
Event: 73.917 Executing VM operation: HandshakeAllThreads
Event: 73.925 Executing VM operation: HandshakeAllThreads done
Event: 74.932 Executing VM operation: Cleanup
Event: 74.932 Executing VM operation: Cleanup done
Event: 75.601 Executing VM operation: G1CollectForAllocation
Event: 75.625 Executing VM operation: G1CollectForAllocation done
Event: 76.022 Executing VM operation: HandshakeAllThreads
Event: 76.023 Executing VM operation: HandshakeAllThreads done

Memory protections (0 events):
No events

Nmethod flushes (20 events):
Event: 73.944 Thread 0x000001f0fcc40800 flushing  nmethod 0x000001f080f8f610
Event: 73.944 Thread 0x000001f0fcc40800 flushing  nmethod 0x000001f080faa490
Event: 73.944 Thread 0x000001f0fcc40800 flushing  nmethod 0x000001f080fc2590
Event: 73.944 Thread 0x000001f0fcc40800 flushing  nmethod 0x000001f080fca090
Event: 73.944 Thread 0x000001f0fcc40800 flushing  nmethod 0x000001f080fd1910
Event: 73.944 Thread 0x000001f0fcc40800 flushing  nmethod 0x000001f080fe0f10
Event: 73.944 Thread 0x000001f0fcc40800 flushing  nmethod 0x000001f080fe1790
Event: 73.944 Thread 0x000001f0fcc40800 flushing  nmethod 0x000001f080fe2210
Event: 73.944 Thread 0x000001f0fcc40800 flushing  nmethod 0x000001f081010e90
Event: 73.944 Thread 0x000001f0fcc40800 flushing  nmethod 0x000001f08106d610
Event: 73.944 Thread 0x000001f0fcc40800 flushing  nmethod 0x000001f081070a90
Event: 73.944 Thread 0x000001f0fcc40800 flushing  nmethod 0x000001f081079710
Event: 73.944 Thread 0x000001f0fcc40800 flushing  nmethod 0x000001f081080290
Event: 73.944 Thread 0x000001f0fcc40800 flushing  nmethod 0x000001f08109f690
Event: 73.945 Thread 0x000001f0fcc40800 flushing  nmethod 0x000001f0810a5610
Event: 73.945 Thread 0x000001f0fcc40800 flushing  nmethod 0x000001f0811d2810
Event: 73.946 Thread 0x000001f0fcc40800 flushing  nmethod 0x000001f0812e6710
Event: 73.946 Thread 0x000001f0fcc40800 flushing  nmethod 0x000001f081326110
Event: 73.947 Thread 0x000001f0fcc40800 flushing  nmethod 0x000001f08133dd10
Event: 73.947 Thread 0x000001f0fcc40800 flushing  nmethod 0x000001f08135c110

Events (20 events):
Event: 53.341 Thread 0x000001f0ae8ba580 Thread added: 0x000001f0ae8c05b0
Event: 53.343 Thread 0x000001f0ae8ba580 Thread added: 0x000001f0ae695c60
Event: 53.346 Thread 0x000001f0ae8ba580 Thread added: 0x000001f0ae692ed0
Event: 53.609 Thread 0x000001f0fe2f7aa0 Thread added: 0x000001f0ae699410
Event: 53.609 Thread 0x000001f0fe2f7aa0 Thread added: 0x000001f0ae697ac0
Event: 53.609 Thread 0x000001f0fe2f7aa0 Thread added: 0x000001f0ae695240
Event: 53.693 Thread 0x000001f0fe2f7aa0 Thread added: 0x000001f0ae698f00
Event: 53.694 Thread 0x000001f0fe2f7aa0 Thread added: 0x000001f0ae699920
Event: 53.694 Thread 0x000001f0fe2f7aa0 Thread added: 0x000001f0ae697fd0
Event: 53.977 Thread 0x000001f0fe2f7aa0 Thread added: 0x000001f0ae6924b0
Event: 53.978 Thread 0x000001f0fe2f7aa0 Thread added: 0x000001f0ae696680
Event: 53.979 Thread 0x000001f0fe2f7aa0 Thread added: 0x000001f0ae696b90
Event: 55.025 Thread 0x000001f0fe2f7aa0 Thread added: 0x000001f0ae6970a0
Event: 55.737 Thread 0x000001f0fe2f7aa0 Thread added: 0x000001f0ae6929c0
Event: 55.868 Thread 0x000001f0fe2f7aa0 Thread added: 0x000001f0ae6984e0
Event: 58.248 Thread 0x000001f0ae8bb4b0 Thread added: 0x000001f0ae6989f0
Event: 58.249 Thread 0x000001f0ae8bb4b0 Thread added: 0x000001f0ae699e30
Event: 58.249 Thread 0x000001f0ae8bb4b0 Thread added: 0x000001f0ae6933e0
Event: 58.408 Thread 0x000001f0ae8bb4b0 Thread added: 0x000001f0ae693e00
Event: 69.186 Thread 0x000001f0fe2f7aa0 Thread added: 0x000001f0af3dec00


Dynamic libraries:
0x00007ff674560000 - 0x00007ff67456e000 	C:\Program Files\Microsoft\jdk-17.0.13.11-hotspot\bin\java.exe
0x00007ffa57ab0000 - 0x00007ffa57ca8000 	C:\Windows\SYSTEM32\ntdll.dll
0x00007ffa55c60000 - 0x00007ffa55d22000 	C:\Windows\System32\KERNEL32.DLL
0x00007ffa55780000 - 0x00007ffa55a7f000 	C:\Windows\System32\KERNELBASE.dll
0x00007ffa55430000 - 0x00007ffa55530000 	C:\Windows\System32\ucrtbase.dll
0x00007ffa4c530000 - 0x00007ffa4c547000 	C:\Program Files\Microsoft\jdk-17.0.13.11-hotspot\bin\jli.dll
0x00007ffa578d0000 - 0x00007ffa57a6d000 	C:\Windows\System32\USER32.dll
0x00007ffa55400000 - 0x00007ffa55422000 	C:\Windows\System32\win32u.dll
0x00007ffa56210000 - 0x00007ffa5623b000 	C:\Windows\System32\GDI32.dll
0x00007ffa552b0000 - 0x00007ffa553ca000 	C:\Windows\System32\gdi32full.dll
0x00007ffa556e0000 - 0x00007ffa5577d000 	C:\Windows\System32\msvcp_win.dll
0x00007ffa4a9f0000 - 0x00007ffa4aa0d000 	C:\Program Files\Microsoft\jdk-17.0.13.11-hotspot\bin\VCRUNTIME140.dll
0x00007ffa41090000 - 0x00007ffa4132a000 	C:\Windows\WinSxS\amd64_microsoft.windows.common-controls_6595b64144ccf1df_6.0.19041.4355_none_60b8b9eb71f62e16\COMCTL32.dll
0x00007ffa57210000 - 0x00007ffa572ae000 	C:\Windows\System32\msvcrt.dll
0x00007ffa572b0000 - 0x00007ffa572df000 	C:\Windows\System32\IMM32.DLL
0x00007ffa4c5a0000 - 0x00007ffa4c5ac000 	C:\Program Files\Microsoft\jdk-17.0.13.11-hotspot\bin\vcruntime140_1.dll
0x00007ffa22d60000 - 0x00007ffa22ded000 	C:\Program Files\Microsoft\jdk-17.0.13.11-hotspot\bin\msvcp140.dll
0x00007ff9c4950000 - 0x00007ff9c55c1000 	C:\Program Files\Microsoft\jdk-17.0.13.11-hotspot\bin\server\jvm.dll
0x00007ffa57370000 - 0x00007ffa5741f000 	C:\Windows\System32\ADVAPI32.dll
0x00007ffa57780000 - 0x00007ffa5781f000 	C:\Windows\System32\sechost.dll
0x00007ffa57650000 - 0x00007ffa57773000 	C:\Windows\System32\RPCRT4.dll
0x00007ffa553d0000 - 0x00007ffa553f7000 	C:\Windows\System32\bcrypt.dll
0x00007ffa56240000 - 0x00007ffa562ab000 	C:\Windows\System32\WS2_32.dll
0x00007ffa54fb0000 - 0x00007ffa54ffb000 	C:\Windows\SYSTEM32\POWRPROF.dll
0x00007ffa40560000 - 0x00007ffa40587000 	C:\Windows\SYSTEM32\WINMM.dll
0x00007ffa4f930000 - 0x00007ffa4f93a000 	C:\Windows\SYSTEM32\VERSION.dll
0x00007ffa54f90000 - 0x00007ffa54fa2000 	C:\Windows\SYSTEM32\UMPDC.dll
0x00007ffa53970000 - 0x00007ffa53982000 	C:\Windows\SYSTEM32\kernel.appcore.dll
0x00007ffa4c520000 - 0x00007ffa4c52a000 	C:\Program Files\Microsoft\jdk-17.0.13.11-hotspot\bin\jimage.dll
0x00007ffa4fe80000 - 0x00007ffa50064000 	C:\Windows\SYSTEM32\DBGHELP.DLL
0x00007ffa3a5f0000 - 0x00007ffa3a624000 	C:\Windows\SYSTEM32\dbgcore.DLL
0x00007ffa55650000 - 0x00007ffa556d2000 	C:\Windows\System32\bcryptPrimitives.dll
0x00007ffa3fad0000 - 0x00007ffa3fade000 	C:\Program Files\Microsoft\jdk-17.0.13.11-hotspot\bin\instrument.dll
0x00007ffa3be50000 - 0x00007ffa3be75000 	C:\Program Files\Microsoft\jdk-17.0.13.11-hotspot\bin\java.dll
0x00007ffa20b60000 - 0x00007ffa20c37000 	C:\Program Files\Microsoft\jdk-17.0.13.11-hotspot\bin\jsvml.dll
0x00007ffa56620000 - 0x00007ffa56d8d000 	C:\Windows\System32\SHELL32.dll
0x00007ffa50070000 - 0x00007ffa50814000 	C:\Windows\SYSTEM32\windows.storage.dll
0x00007ffa55eb0000 - 0x00007ffa56205000 	C:\Windows\System32\combase.dll
0x00007ffa54ab0000 - 0x00007ffa54adf000 	C:\Windows\SYSTEM32\Wldp.dll
0x00007ffa56470000 - 0x00007ffa5653d000 	C:\Windows\System32\OLEAUT32.dll
0x00007ffa57820000 - 0x00007ffa578cd000 	C:\Windows\System32\SHCORE.dll
0x00007ffa55dc0000 - 0x00007ffa55e15000 	C:\Windows\System32\shlwapi.dll
0x00007ffa55080000 - 0x00007ffa550a4000 	C:\Windows\SYSTEM32\profapi.dll
0x00007ffa31c10000 - 0x00007ffa31c28000 	C:\Program Files\Microsoft\jdk-17.0.13.11-hotspot\bin\zip.dll
0x00007ffa34b70000 - 0x00007ffa34b8a000 	C:\Program Files\Microsoft\jdk-17.0.13.11-hotspot\bin\net.dll
0x00007ffa4fa10000 - 0x00007ffa4fb1a000 	C:\Windows\SYSTEM32\WINHTTP.dll
0x00007ffa54810000 - 0x00007ffa5487c000 	C:\Windows\system32\mswsock.dll
0x00007ffa34aa0000 - 0x00007ffa34ab6000 	C:\Program Files\Microsoft\jdk-17.0.13.11-hotspot\bin\nio.dll
0x00007ffa47940000 - 0x00007ffa47950000 	C:\Program Files\Microsoft\jdk-17.0.13.11-hotspot\bin\verify.dll
0x00007ffa28950000 - 0x00007ffa28977000 	C:\Users\Muhammad Rehman\.gradle\native\c067742578af261105cb4f569cf0c3c89f3d7b1fecec35dd04571415982c5e48\windows-amd64\native-platform.dll
0x00007ffa19590000 - 0x00007ffa196d4000 	C:\Users\Muhammad Rehman\.gradle\native\100fb08df4bc3b14c8652ba06237920a3bd2aa13389f12d3474272988ae205f9\windows-amd64\native-platform-file-events.dll
0x00007ffa3c0a0000 - 0x00007ffa3c0aa000 	C:\Program Files\Microsoft\jdk-17.0.13.11-hotspot\bin\management.dll
0x00007ffa3be10000 - 0x00007ffa3be1b000 	C:\Program Files\Microsoft\jdk-17.0.13.11-hotspot\bin\management_ext.dll
0x00007ffa55e20000 - 0x00007ffa55e28000 	C:\Windows\System32\PSAPI.DLL
0x00007ffa54a10000 - 0x00007ffa54a28000 	C:\Windows\SYSTEM32\CRYPTSP.dll
0x00007ffa54130000 - 0x00007ffa54164000 	C:\Windows\system32\rsaenh.dll
0x00007ffa55000000 - 0x00007ffa5502e000 	C:\Windows\SYSTEM32\USERENV.dll
0x00007ffa54a00000 - 0x00007ffa54a0c000 	C:\Windows\SYSTEM32\CRYPTBASE.dll
0x00007ffa544f0000 - 0x00007ffa5452b000 	C:\Windows\SYSTEM32\IPHLPAPI.DLL
0x00007ffa57340000 - 0x00007ffa57348000 	C:\Windows\System32\NSI.dll
0x00007ffa4a3a0000 - 0x00007ffa4a3b7000 	C:\Windows\SYSTEM32\dhcpcsvc6.DLL
0x00007ffa4a930000 - 0x00007ffa4a94d000 	C:\Windows\SYSTEM32\dhcpcsvc.DLL
0x00007ffa54530000 - 0x00007ffa545fa000 	C:\Windows\SYSTEM32\DNSAPI.dll
0x00007ffa3fae0000 - 0x00007ffa3fae9000 	C:\Program Files\Microsoft\jdk-17.0.13.11-hotspot\bin\extnet.dll
0x00007ffa4c590000 - 0x00007ffa4c59e000 	C:\Program Files\Microsoft\jdk-17.0.13.11-hotspot\bin\sunmscapi.dll
0x00007ffa55150000 - 0x00007ffa552ac000 	C:\Windows\System32\CRYPT32.dll
0x00007ffa54b20000 - 0x00007ffa54b47000 	C:\Windows\SYSTEM32\ncrypt.dll
0x00007ffa54ae0000 - 0x00007ffa54b1b000 	C:\Windows\SYSTEM32\NTASN1.dll
0x00007ffa4c580000 - 0x00007ffa4c587000 	C:\Windows\system32\wshunix.dll
0x00007ffa34440000 - 0x00007ffa34457000 	C:\Windows\system32\napinsp.dll
0x00007ffa34420000 - 0x00007ffa3443b000 	C:\Windows\system32\pnrpnsp.dll
0x00007ffa35440000 - 0x00007ffa35455000 	C:\Windows\system32\wshbth.dll
0x00007ffa4c460000 - 0x00007ffa4c47d000 	C:\Windows\system32\NLAapi.dll
0x00007ffa34210000 - 0x00007ffa34222000 	C:\Windows\System32\winrnr.dll
0x00007ffa42670000 - 0x00007ffa4267a000 	C:\Windows\System32\rasadhlp.dll
0x00007ffa42bb0000 - 0x00007ffa42c30000 	C:\Windows\System32\fwpuclnt.dll

dbghelp: loaded successfully - version: 4.0.5 - missing functions: none
symbol engine: initialized successfully - sym options: 0x614 - pdb path: .;C:\Program Files\Microsoft\jdk-17.0.13.11-hotspot\bin;C:\Windows\SYSTEM32;C:\Windows\WinSxS\amd64_microsoft.windows.common-controls_6595b64144ccf1df_6.0.19041.4355_none_60b8b9eb71f62e16;C:\Program Files\Microsoft\jdk-17.0.13.11-hotspot\bin\server;C:\Users\Muhammad Rehman\.gradle\native\c067742578af261105cb4f569cf0c3c89f3d7b1fecec35dd04571415982c5e48\windows-amd64;C:\Users\Muhammad Rehman\.gradle\native\100fb08df4bc3b14c8652ba06237920a3bd2aa13389f12d3474272988ae205f9\windows-amd64

VM Arguments:
jvm_args: -XX:MaxMetaspaceSize=512m --add-opens=java.base/java.util=ALL-UNNAMED --add-opens=java.base/java.lang=ALL-UNNAMED --add-opens=java.base/java.lang.invoke=ALL-UNNAMED --add-opens=java.prefs/java.util.prefs=ALL-UNNAMED --add-opens=java.base/java.nio.charset=ALL-UNNAMED --add-opens=java.base/java.net=ALL-UNNAMED --add-opens=java.base/java.util.concurrent.atomic=ALL-UNNAMED -Xmx2048m -Dfile.encoding=windows-1252 -Duser.country=US -Duser.language=en -Duser.variant -javaagent:C:\Users\Muhammad Rehman\.gradle\wrapper\dists\gradle-8.8-all\6gdy1pgp427xkqcjbxw3ylt6h\gradle-8.8\lib\agents\gradle-instrumentation-agent-8.8.jar 
java_command: org.gradle.launcher.daemon.bootstrap.GradleDaemon 8.8
java_class_path (initial): C:\Users\Muhammad Rehman\.gradle\wrapper\dists\gradle-8.8-all\6gdy1pgp427xkqcjbxw3ylt6h\gradle-8.8\lib\gradle-launcher-8.8.jar
Launcher Type: SUN_STANDARD

[Global flags]
     intx CICompilerCount                          = 3                                         {product} {ergonomic}
   size_t CompressedClassSpaceSize                 = 436207616                                 {product} {ergonomic}
     uint ConcGCThreads                            = 1                                         {product} {ergonomic}
     uint G1ConcRefinementThreads                  = 4                                         {product} {ergonomic}
   size_t G1HeapRegionSize                         = 1048576                                   {product} {ergonomic}
    uintx GCDrainStackTargetSize                   = 64                                        {product} {ergonomic}
   size_t InitialHeapSize                          = 132120576                                 {product} {ergonomic}
   size_t MarkStackSize                            = 4194304                                   {product} {ergonomic}
   size_t MaxHeapSize                              = 2147483648                                {product} {command line}
   size_t MaxMetaspaceSize                         = 536870912                                 {product} {command line}
   size_t MaxNewSize                               = 1287651328                                {product} {ergonomic}
   size_t MinHeapDeltaBytes                        = 1048576                                   {product} {ergonomic}
   size_t MinHeapSize                              = 8388608                                   {product} {ergonomic}
    uintx NonNMethodCodeHeapSize                   = 5832780                                {pd product} {ergonomic}
    uintx NonProfiledCodeHeapSize                  = 122912730                              {pd product} {ergonomic}
    uintx ProfiledCodeHeapSize                     = 122912730                              {pd product} {ergonomic}
    uintx ReservedCodeCacheSize                    = 251658240                              {pd product} {ergonomic}
     bool SegmentedCodeCache                       = true                                      {product} {ergonomic}
   size_t SoftMaxHeapSize                          = 2147483648                             {manageable} {ergonomic}
     bool UseCompressedClassPointers               = true                           {product lp64_product} {ergonomic}
     bool UseCompressedOops                        = true                           {product lp64_product} {ergonomic}
     bool UseG1GC                                  = true                                      {product} {ergonomic}
     bool UseLargePagesIndividualAllocation        = false                                  {pd product} {ergonomic}

Logging:
Log output configuration:
 #0: stdout all=warning uptime,level,tags
 #1: stderr all=off uptime,level,tags

Environment Variables:
JAVA_HOME=C:\Program Files\Microsoft\jdk-17.0.13.11-hotspot\
CLASSPATH=D:\UNIVERSITY WORK\FYP-Last-Mile-Delivery-System\Lmd_Frontend\android\\gradle\wrapper\gradle-wrapper.jar
PATH=D:\UNIVERSITY WORK\FYP-Last-Mile-Delivery-System\Lmd_Frontend\node_modules\.bin;D:\UNIVERSITY WORK\FYP-Last-Mile-Delivery-System\Lmd_Frontend\node_modules\.bin;D:\UNIVERSITY WORK\FYP-Last-Mile-Delivery-System\node_modules\.bin;D:\UNIVERSITY WORK\node_modules\.bin;D:\node_modules\.bin;C:\Users\Muhammad Rehman\AppData\Roaming\npm\node_modules\npm\node_modules\@npmcli\run-script\lib\node-gyp-bin;D:\UNIVERSITY WORK\FYP-Last-Mile-Delivery-System\Lmd_Frontend\node_modules\.bin;D:\UNIVERSITY WORK\FYP-Last-Mile-Delivery-System\Lmd_Frontend\node_modules\.bin;D:\UNIVERSITY WORK\FYP-Last-Mile-Delivery-System\node_modules\.bin;D:\UNIVERSITY WORK\node_modules\.bin;D:\node_modules\.bin;C:\Users\Muhammad Rehman\AppData\Roaming\npm\node_modules\npm\node_modules\@npmcli\run-script\lib\node-gyp-bin;D:\xampp\php;C:\Program Files\Microsoft\jdk-17.0.13.11-hotspot\bin;C:\Program Files\Microsoft MPI\Bin\;C:\Windows\system32;C:\Windows;C:\Windows\System32\Wbem;C:\Windows\System32\WindowsPowerShell\v1.0\;C:\Windows\System32\OpenSSH\;C:\Program Files (x86)\Microsoft SQL Server\160\Tools\Binn\;C:\Program Files\Microsoft SQL Server\160\Tools\Binn\;C:\Program Files\Microsoft SQL Server\Client SDK\ODBC\170\Tools\Binn\;C:\Program Files\Microsoft SQL Server\160\DTS\Binn\;C:\Program Files (x86)\Microsoft SQL Server\160\DTS\Binn\;C:\Program Files\nodejs\;C:\Program Files\Microsoft SQL Server\150\Tools\Binn\;C:\Program Files\dotnet\;C:\ProgramData\chocolatey\bin;C:\androidsdk\platform-tools;C:\Program Files\Git\cmd;C:\Program Files\MySQL\MySQL Server 8.0\bin;D:\xampp\php;C:\androidsdk\tools;C:\Program Files\MySQL\MySQL Shell 8.0\bin\;C:\Users\Muhammad Rehman\AppData\Local\Microsoft\WindowsApps;C:\Users\Muhammad Rehman\AppData\Local\Programs\Microsoft VS Code\bin;C:\Users\Muhammad Rehman\AppData\Roaming\npm;C:\Users\Muhammad Rehman\.dotnet\tools;D:\xampp\php;
USERNAME=Muhammad Rehman
LANG=en_US.UTF-8
OS=Windows_NT
PROCESSOR_IDENTIFIER=Intel64 Family 6 Model 142 Stepping 9, GenuineIntel
TMP=C:\Users\MUHAMM~1\AppData\Local\Temp
TEMP=C:\Users\MUHAMM~1\AppData\Local\Temp



Periodic native trim disabled


---------------  S Y S T E M  ---------------

OS:
 Windows 10 , 64 bit Build 19041 (10.0.19041.5438)
OS uptime: 0 days 1:15 hours

CPU: total 4 (initial active 4) (2 cores per cpu, 2 threads per core) family 6 model 142 stepping 9 microcode 0xf4, cx8, cmov, fxsr, ht, mmx, 3dnowpref, sse, sse2, sse3, ssse3, sse4.1, sse4.2, popcnt, lzcnt, tsc, tscinvbit, avx, avx2, aes, erms, clmul, bmi1, bmi2, rtm, adx, fma, vzeroupper, clflush, clflushopt
Processor Information for the first 4 processors :
  Max Mhz: 2712, Current Mhz: 2611, Mhz Limit: 2603

Memory: 4k page, system-wide physical 8050M (66M free)
TotalPageFile size 19634M (AvailPageFile size 0M)
current process WorkingSet (physical memory assigned to process): 258M, peak: 285M
current process commit charge ("private bytes"): 520M, peak: 523M

vm_info: OpenJDK 64-Bit Server VM (17.0.13+11-LTS) for windows-amd64 JRE (17.0.13+11-LTS), built on Oct 11 2024 23:25:05 by "MicrosoftCorporation" with unknown MS VC++:1939

END.
